Performing C SOURCE FILE Test NNPACK_ARCH_IS_X86_32 failed with the following output:
Change Dir: /home/soniar/naiveDarknetNNPACKARMSVE/NNPACK/build1/CMakeFiles/CMakeTmp

Run Build Command(s):/usr/bin/gmake -f Makefile cmTC_07e6e/fast && /usr/bin/gmake  -f CMakeFiles/cmTC_07e6e.dir/build.make CMakeFiles/cmTC_07e6e.dir/build
gmake[1]: Entering directory '/home/soniar/naiveDarknetNNPACKARMSVE/NNPACK/build1/CMakeFiles/CMakeTmp'
Building C object CMakeFiles/cmTC_07e6e.dir/src.c.o
/home/soniar/gcc-arm-10.2-2020.11-x86_64-aarch64-none-linux-gnu/bin/aarch64-none-linux-gnu-gcc -DNNPACK_ARCH_IS_X86_32  -march=armv8-a+sve -static  -o CMakeFiles/cmTC_07e6e.dir/src.c.o -c /home/soniar/naiveDarknetNNPACKARMSVE/NNPACK/build1/CMakeFiles/CMakeTmp/src.c
/home/soniar/naiveDarknetNNPACKARMSVE/NNPACK/build1/CMakeFiles/CMakeTmp/src.c:3:10: error: #error AVX only on x86_64
    3 |         #error AVX only on x86_64
      |          ^~~~~
gmake[1]: *** [CMakeFiles/cmTC_07e6e.dir/build.make:78: CMakeFiles/cmTC_07e6e.dir/src.c.o] Error 1
gmake[1]: Leaving directory '/home/soniar/naiveDarknetNNPACKARMSVE/NNPACK/build1/CMakeFiles/CMakeTmp'
gmake: *** [Makefile:127: cmTC_07e6e/fast] Error 2


Source file was:

      #if ! (defined(__i386) || defined(_M_IX86))
        #error AVX only on x86_64
      #endif
      int main() {
        return 0;
      }
Performing C SOURCE FILE Test CMAKE_HAVE_LIBC_PTHREAD failed with the following output:
Change Dir: /home/soniar/naiveDarknetNNPACKARMSVE/NNPACK/build1/CMakeFiles/CMakeTmp

Run Build Command(s):/usr/bin/gmake -f Makefile cmTC_ff3fa/fast && /usr/bin/gmake  -f CMakeFiles/cmTC_ff3fa.dir/build.make CMakeFiles/cmTC_ff3fa.dir/build
gmake[1]: Entering directory '/home/soniar/naiveDarknetNNPACKARMSVE/NNPACK/build1/CMakeFiles/CMakeTmp'
Building C object CMakeFiles/cmTC_ff3fa.dir/src.c.o
/home/soniar/gcc-arm-10.2-2020.11-x86_64-aarch64-none-linux-gnu/bin/aarch64-none-linux-gnu-gcc -DCMAKE_HAVE_LIBC_PTHREAD  -march=armv8-a+sve -static  -o CMakeFiles/cmTC_ff3fa.dir/src.c.o -c /home/soniar/naiveDarknetNNPACKARMSVE/NNPACK/build1/CMakeFiles/CMakeTmp/src.c
Linking C executable cmTC_ff3fa
/usr/bin/cmake -E cmake_link_script CMakeFiles/cmTC_ff3fa.dir/link.txt --verbose=1
/home/soniar/gcc-arm-10.2-2020.11-x86_64-aarch64-none-linux-gnu/bin/aarch64-none-linux-gnu-gcc -march=armv8-a+sve -static  -rdynamic CMakeFiles/cmTC_ff3fa.dir/src.c.o -o cmTC_ff3fa 
/home/soniar/gcc-arm-10.2-2020.11-x86_64-aarch64-none-linux-gnu/bin/../lib/gcc/aarch64-none-linux-gnu/10.2.1/../../../../aarch64-none-linux-gnu/bin/ld: CMakeFiles/cmTC_ff3fa.dir/src.c.o: in function `main':
src.c:(.text+0x34): undefined reference to `pthread_create'
/home/soniar/gcc-arm-10.2-2020.11-x86_64-aarch64-none-linux-gnu/bin/../lib/gcc/aarch64-none-linux-gnu/10.2.1/../../../../aarch64-none-linux-gnu/bin/ld: src.c:(.text+0x3c): undefined reference to `pthread_detach'
/home/soniar/gcc-arm-10.2-2020.11-x86_64-aarch64-none-linux-gnu/bin/../lib/gcc/aarch64-none-linux-gnu/10.2.1/../../../../aarch64-none-linux-gnu/bin/ld: src.c:(.text+0x44): undefined reference to `pthread_cancel'
/home/soniar/gcc-arm-10.2-2020.11-x86_64-aarch64-none-linux-gnu/bin/../lib/gcc/aarch64-none-linux-gnu/10.2.1/../../../../aarch64-none-linux-gnu/bin/ld: src.c:(.text+0x50): undefined reference to `pthread_join'
/home/soniar/gcc-arm-10.2-2020.11-x86_64-aarch64-none-linux-gnu/bin/../lib/gcc/aarch64-none-linux-gnu/10.2.1/../../../../aarch64-none-linux-gnu/bin/ld: src.c:(.text+0x68): undefined reference to `pthread_exit'
collect2: error: ld returned 1 exit status
gmake[1]: *** [CMakeFiles/cmTC_ff3fa.dir/build.make:99: cmTC_ff3fa] Error 1
gmake[1]: Leaving directory '/home/soniar/naiveDarknetNNPACKARMSVE/NNPACK/build1/CMakeFiles/CMakeTmp'
gmake: *** [Makefile:127: cmTC_ff3fa/fast] Error 2


Source file was:
#include <pthread.h>

static void* test_func(void* data)
{
  return data;
}

int main(void)
{
  pthread_t thread;
  pthread_create(&thread, NULL, test_func, NULL);
  pthread_detach(thread);
  pthread_cancel(thread);
  pthread_join(thread, NULL);
  pthread_atfork(NULL, NULL, NULL);
  pthread_exit(NULL);

  return 0;
}

