The system is: Linux - 5.15.0-57-generic - x86_64
Compiling the C compiler identification source file "CMakeCCompilerId.c" succeeded.
Compiler: /home/soniar/gcc-arm-10.2-2020.11-x86_64-aarch64-none-linux-gnu/bin/aarch64-none-linux-gnu-gcc 
Build flags: 
Id flags:  

The output was:
0


Compilation of the C compiler identification source "CMakeCCompilerId.c" produced "a.out"

The C compiler identification is GNU, found in "/home/soniar/naiveDarknetNNPACKARMSVE/NNPACK/build1/CMakeFiles/3.22.1/CompilerIdC/a.out"

Compiling the CXX compiler identification source file "CMakeCXXCompilerId.cpp" succeeded.
Compiler: /home/soniar/gcc-arm-10.2-2020.11-x86_64-aarch64-none-linux-gnu/bin/aarch64-none-linux-gnu-g++ 
Build flags: 
Id flags:  

The output was:
0


Compilation of the CXX compiler identification source "CMakeCXXCompilerId.cpp" produced "a.out"

The CXX compiler identification is GNU, found in "/home/soniar/naiveDarknetNNPACKARMSVE/NNPACK/build1/CMakeFiles/3.22.1/CompilerIdCXX/a.out"

Checking whether the ASM compiler is GNU using "--version" matched "(GNU assembler)|(GCC)|(Free Software Foundation)":
aarch64-none-linux-gnu-gcc (GNU Toolchain for the A-profile Architecture 10.2-2020.11 (arm-10.16)) 10.2.1 20201103
Copyright (C) 2020 Free Software Foundation, Inc.
This is free software; see the source for copying conditions.  There is NO
warranty; not even for MERCHANTABILITY or FITNESS FOR A PARTICULAR PURPOSE.

Detecting C compiler ABI info compiled with the following output:
Change Dir: /home/soniar/naiveDarknetNNPACKARMSVE/NNPACK/build1/CMakeFiles/CMakeTmp

Run Build Command(s):/usr/bin/gmake -f Makefile cmTC_5e839/fast && /usr/bin/gmake  -f CMakeFiles/cmTC_5e839.dir/build.make CMakeFiles/cmTC_5e839.dir/build
gmake[1]: Entering directory '/home/soniar/naiveDarknetNNPACKARMSVE/NNPACK/build1/CMakeFiles/CMakeTmp'
Building C object CMakeFiles/cmTC_5e839.dir/CMakeCCompilerABI.c.o
/home/soniar/gcc-arm-10.2-2020.11-x86_64-aarch64-none-linux-gnu/bin/aarch64-none-linux-gnu-gcc   -v -o CMakeFiles/cmTC_5e839.dir/CMakeCCompilerABI.c.o -c /usr/share/cmake-3.22/Modules/CMakeCCompilerABI.c
Using built-in specs.
COLLECT_GCC=/home/soniar/gcc-arm-10.2-2020.11-x86_64-aarch64-none-linux-gnu/bin/aarch64-none-linux-gnu-gcc
Target: aarch64-none-linux-gnu
Configured with: /tmp/dgboter/bbs/build04--cen7x86_64/buildbot/cen7x86_64--aarch64-none-linux-gnu/build/src/gcc/configure --target=aarch64-none-linux-gnu --prefix= --with-sysroot=/aarch64-none-linux-gnu/libc --with-build-sysroot=/tmp/dgboter/bbs/build04--cen7x86_64/buildbot/cen7x86_64--aarch64-none-linux-gnu/build/build-aarch64-none-linux-gnu/install//aarch64-none-linux-gnu/libc --with-bugurl=https://bugs.linaro.org/ --enable-gnu-indirect-function --enable-shared --disable-libssp --disable-libmudflap --enable-checking=release --enable-languages=c,c++,fortran --with-gmp=/tmp/dgboter/bbs/build04--cen7x86_64/buildbot/cen7x86_64--aarch64-none-linux-gnu/build/build-aarch64-none-linux-gnu/host-tools --with-mpfr=/tmp/dgboter/bbs/build04--cen7x86_64/buildbot/cen7x86_64--aarch64-none-linux-gnu/build/build-aarch64-none-linux-gnu/host-tools --with-mpc=/tmp/dgboter/bbs/build04--cen7x86_64/buildbot/cen7x86_64--aarch64-none-linux-gnu/build/build-aarch64-none-linux-gnu/host-tools --with-isl=/tmp/dgboter/bbs/build04--cen7x86_64/buildbot/cen7x86_64--aarch64-none-linux-gnu/build/build-aarch64-none-linux-gnu/host-tools --enable-fix-cortex-a53-843419 --with-pkgversion='GNU Toolchain for the A-profile Architecture 10.2-2020.11 (arm-10.16)'
Thread model: posix
Supported LTO compression algorithms: zlib
gcc version 10.2.1 20201103 (GNU Toolchain for the A-profile Architecture 10.2-2020.11 (arm-10.16)) 
COLLECT_GCC_OPTIONS='-v' '-o' 'CMakeFiles/cmTC_5e839.dir/CMakeCCompilerABI.c.o' '-c' '-mlittle-endian' '-mabi=lp64'
 /home/soniar/gcc-arm-10.2-2020.11-x86_64-aarch64-none-linux-gnu/bin/../libexec/gcc/aarch64-none-linux-gnu/10.2.1/cc1 -quiet -v -iprefix /home/soniar/gcc-arm-10.2-2020.11-x86_64-aarch64-none-linux-gnu/bin/../lib/gcc/aarch64-none-linux-gnu/10.2.1/ -isysroot /home/soniar/gcc-arm-10.2-2020.11-x86_64-aarch64-none-linux-gnu/bin/../aarch64-none-linux-gnu/libc /usr/share/cmake-3.22/Modules/CMakeCCompilerABI.c -quiet -dumpbase CMakeCCompilerABI.c -mlittle-endian -mabi=lp64 -auxbase-strip CMakeFiles/cmTC_5e839.dir/CMakeCCompilerABI.c.o -version -o /tmp/ccPC60r2.s
GNU C17 (GNU Toolchain for the A-profile Architecture 10.2-2020.11 (arm-10.16)) version 10.2.1 20201103 (aarch64-none-linux-gnu)
	compiled by GNU C version 4.8.5 20150623 (Red Hat 4.8.5-39), GMP version 4.3.2, MPFR version 3.1.6, MPC version 1.0.3, isl version isl-0.15-1-g835ea3a-GMP

GGC heuristics: --param ggc-min-expand=100 --param ggc-min-heapsize=131072
ignoring duplicate directory "/home/soniar/gcc-arm-10.2-2020.11-x86_64-aarch64-none-linux-gnu/bin/../lib/gcc/../../lib/gcc/aarch64-none-linux-gnu/10.2.1/include"
ignoring nonexistent directory "/home/soniar/gcc-arm-10.2-2020.11-x86_64-aarch64-none-linux-gnu/bin/../aarch64-none-linux-gnu/libc/usr/local/include"
ignoring duplicate directory "/home/soniar/gcc-arm-10.2-2020.11-x86_64-aarch64-none-linux-gnu/bin/../lib/gcc/../../lib/gcc/aarch64-none-linux-gnu/10.2.1/include-fixed"
ignoring duplicate directory "/home/soniar/gcc-arm-10.2-2020.11-x86_64-aarch64-none-linux-gnu/bin/../lib/gcc/../../lib/gcc/aarch64-none-linux-gnu/10.2.1/../../../../aarch64-none-linux-gnu/include"
#include "..." search starts here:
#include <...> search starts here:
 /home/soniar/gcc-arm-10.2-2020.11-x86_64-aarch64-none-linux-gnu/bin/../lib/gcc/aarch64-none-linux-gnu/10.2.1/include
 /home/soniar/gcc-arm-10.2-2020.11-x86_64-aarch64-none-linux-gnu/bin/../lib/gcc/aarch64-none-linux-gnu/10.2.1/include-fixed
 /home/soniar/gcc-arm-10.2-2020.11-x86_64-aarch64-none-linux-gnu/bin/../lib/gcc/aarch64-none-linux-gnu/10.2.1/../../../../aarch64-none-linux-gnu/include
 /home/soniar/gcc-arm-10.2-2020.11-x86_64-aarch64-none-linux-gnu/bin/../aarch64-none-linux-gnu/libc/usr/include
End of search list.
GNU C17 (GNU Toolchain for the A-profile Architecture 10.2-2020.11 (arm-10.16)) version 10.2.1 20201103 (aarch64-none-linux-gnu)
	compiled by GNU C version 4.8.5 20150623 (Red Hat 4.8.5-39), GMP version 4.3.2, MPFR version 3.1.6, MPC version 1.0.3, isl version isl-0.15-1-g835ea3a-GMP

GGC heuristics: --param ggc-min-expand=100 --param ggc-min-heapsize=131072
Compiler executable checksum: 557171e29d60cade6f40fa125520c8f9
COLLECT_GCC_OPTIONS='-v' '-o' 'CMakeFiles/cmTC_5e839.dir/CMakeCCompilerABI.c.o' '-c' '-mlittle-endian' '-mabi=lp64'
 /home/soniar/gcc-arm-10.2-2020.11-x86_64-aarch64-none-linux-gnu/bin/../lib/gcc/aarch64-none-linux-gnu/10.2.1/../../../../aarch64-none-linux-gnu/bin/as -v -EL -mabi=lp64 -o CMakeFiles/cmTC_5e839.dir/CMakeCCompilerABI.c.o /tmp/ccPC60r2.s
GNU assembler version 2.35.1 (aarch64-none-linux-gnu) using BFD version (GNU Toolchain for the A-profile Architecture 10.2-2020.11 (arm-10.16)) 2.35.1.20201028
COMPILER_PATH=/home/soniar/gcc-arm-10.2-2020.11-x86_64-aarch64-none-linux-gnu/bin/../libexec/gcc/aarch64-none-linux-gnu/10.2.1/:/home/soniar/gcc-arm-10.2-2020.11-x86_64-aarch64-none-linux-gnu/bin/../libexec/gcc/:/home/soniar/gcc-arm-10.2-2020.11-x86_64-aarch64-none-linux-gnu/bin/../lib/gcc/aarch64-none-linux-gnu/10.2.1/../../../../aarch64-none-linux-gnu/bin/
LIBRARY_PATH=/home/soniar/gcc-arm-10.2-2020.11-x86_64-aarch64-none-linux-gnu/bin/../lib/gcc/aarch64-none-linux-gnu/10.2.1/:/home/soniar/gcc-arm-10.2-2020.11-x86_64-aarch64-none-linux-gnu/bin/../lib/gcc/:/home/soniar/gcc-arm-10.2-2020.11-x86_64-aarch64-none-linux-gnu/bin/../lib/gcc/aarch64-none-linux-gnu/10.2.1/../../../../aarch64-none-linux-gnu/lib/../lib64/:/home/soniar/gcc-arm-10.2-2020.11-x86_64-aarch64-none-linux-gnu/bin/../aarch64-none-linux-gnu/libc/lib/../lib64/:/home/soniar/gcc-arm-10.2-2020.11-x86_64-aarch64-none-linux-gnu/bin/../aarch64-none-linux-gnu/libc/usr/lib/../lib64/:/home/soniar/gcc-arm-10.2-2020.11-x86_64-aarch64-none-linux-gnu/bin/../lib/gcc/aarch64-none-linux-gnu/10.2.1/../../../../aarch64-none-linux-gnu/lib/:/home/soniar/gcc-arm-10.2-2020.11-x86_64-aarch64-none-linux-gnu/bin/../aarch64-none-linux-gnu/libc/lib/:/home/soniar/gcc-arm-10.2-2020.11-x86_64-aarch64-none-linux-gnu/bin/../aarch64-none-linux-gnu/libc/usr/lib/
COLLECT_GCC_OPTIONS='-v' '-o' 'CMakeFiles/cmTC_5e839.dir/CMakeCCompilerABI.c.o' '-c' '-mlittle-endian' '-mabi=lp64'
Linking C executable cmTC_5e839
/usr/bin/cmake -E cmake_link_script CMakeFiles/cmTC_5e839.dir/link.txt --verbose=1
/home/soniar/gcc-arm-10.2-2020.11-x86_64-aarch64-none-linux-gnu/bin/aarch64-none-linux-gnu-gcc  -v -rdynamic CMakeFiles/cmTC_5e839.dir/CMakeCCompilerABI.c.o -o cmTC_5e839 
Using built-in specs.
COLLECT_GCC=/home/soniar/gcc-arm-10.2-2020.11-x86_64-aarch64-none-linux-gnu/bin/aarch64-none-linux-gnu-gcc
COLLECT_LTO_WRAPPER=/home/soniar/gcc-arm-10.2-2020.11-x86_64-aarch64-none-linux-gnu/bin/../libexec/gcc/aarch64-none-linux-gnu/10.2.1/lto-wrapper
Target: aarch64-none-linux-gnu
Configured with: /tmp/dgboter/bbs/build04--cen7x86_64/buildbot/cen7x86_64--aarch64-none-linux-gnu/build/src/gcc/configure --target=aarch64-none-linux-gnu --prefix= --with-sysroot=/aarch64-none-linux-gnu/libc --with-build-sysroot=/tmp/dgboter/bbs/build04--cen7x86_64/buildbot/cen7x86_64--aarch64-none-linux-gnu/build/build-aarch64-none-linux-gnu/install//aarch64-none-linux-gnu/libc --with-bugurl=https://bugs.linaro.org/ --enable-gnu-indirect-function --enable-shared --disable-libssp --disable-libmudflap --enable-checking=release --enable-languages=c,c++,fortran --with-gmp=/tmp/dgboter/bbs/build04--cen7x86_64/buildbot/cen7x86_64--aarch64-none-linux-gnu/build/build-aarch64-none-linux-gnu/host-tools --with-mpfr=/tmp/dgboter/bbs/build04--cen7x86_64/buildbot/cen7x86_64--aarch64-none-linux-gnu/build/build-aarch64-none-linux-gnu/host-tools --with-mpc=/tmp/dgboter/bbs/build04--cen7x86_64/buildbot/cen7x86_64--aarch64-none-linux-gnu/build/build-aarch64-none-linux-gnu/host-tools --with-isl=/tmp/dgboter/bbs/build04--cen7x86_64/buildbot/cen7x86_64--aarch64-none-linux-gnu/build/build-aarch64-none-linux-gnu/host-tools --enable-fix-cortex-a53-843419 --with-pkgversion='GNU Toolchain for the A-profile Architecture 10.2-2020.11 (arm-10.16)'
Thread model: posix
Supported LTO compression algorithms: zlib
gcc version 10.2.1 20201103 (GNU Toolchain for the A-profile Architecture 10.2-2020.11 (arm-10.16)) 
COMPILER_PATH=/home/soniar/gcc-arm-10.2-2020.11-x86_64-aarch64-none-linux-gnu/bin/../libexec/gcc/aarch64-none-linux-gnu/10.2.1/:/home/soniar/gcc-arm-10.2-2020.11-x86_64-aarch64-none-linux-gnu/bin/../libexec/gcc/:/home/soniar/gcc-arm-10.2-2020.11-x86_64-aarch64-none-linux-gnu/bin/../lib/gcc/aarch64-none-linux-gnu/10.2.1/../../../../aarch64-none-linux-gnu/bin/
LIBRARY_PATH=/home/soniar/gcc-arm-10.2-2020.11-x86_64-aarch64-none-linux-gnu/bin/../lib/gcc/aarch64-none-linux-gnu/10.2.1/:/home/soniar/gcc-arm-10.2-2020.11-x86_64-aarch64-none-linux-gnu/bin/../lib/gcc/:/home/soniar/gcc-arm-10.2-2020.11-x86_64-aarch64-none-linux-gnu/bin/../lib/gcc/aarch64-none-linux-gnu/10.2.1/../../../../aarch64-none-linux-gnu/lib/../lib64/:/home/soniar/gcc-arm-10.2-2020.11-x86_64-aarch64-none-linux-gnu/bin/../aarch64-none-linux-gnu/libc/lib/../lib64/:/home/soniar/gcc-arm-10.2-2020.11-x86_64-aarch64-none-linux-gnu/bin/../aarch64-none-linux-gnu/libc/usr/lib/../lib64/:/home/soniar/gcc-arm-10.2-2020.11-x86_64-aarch64-none-linux-gnu/bin/../lib/gcc/aarch64-none-linux-gnu/10.2.1/../../../../aarch64-none-linux-gnu/lib/:/home/soniar/gcc-arm-10.2-2020.11-x86_64-aarch64-none-linux-gnu/bin/../aarch64-none-linux-gnu/libc/lib/:/home/soniar/gcc-arm-10.2-2020.11-x86_64-aarch64-none-linux-gnu/bin/../aarch64-none-linux-gnu/libc/usr/lib/
COLLECT_GCC_OPTIONS='-v' '-rdynamic' '-o' 'cmTC_5e839' '-mlittle-endian' '-mabi=lp64'
 /home/soniar/gcc-arm-10.2-2020.11-x86_64-aarch64-none-linux-gnu/bin/../libexec/gcc/aarch64-none-linux-gnu/10.2.1/collect2 -plugin /home/soniar/gcc-arm-10.2-2020.11-x86_64-aarch64-none-linux-gnu/bin/../libexec/gcc/aarch64-none-linux-gnu/10.2.1/liblto_plugin.so -plugin-opt=/home/soniar/gcc-arm-10.2-2020.11-x86_64-aarch64-none-linux-gnu/bin/../libexec/gcc/aarch64-none-linux-gnu/10.2.1/lto-wrapper -plugin-opt=-fresolution=/tmp/ccfnKkdC.res -plugin-opt=-pass-through=-lgcc -plugin-opt=-pass-through=-lgcc_s -plugin-opt=-pass-through=-lc -plugin-opt=-pass-through=-lgcc -plugin-opt=-pass-through=-lgcc_s --sysroot=/home/soniar/gcc-arm-10.2-2020.11-x86_64-aarch64-none-linux-gnu/bin/../aarch64-none-linux-gnu/libc --eh-frame-hdr -export-dynamic -dynamic-linker /lib/ld-linux-aarch64.so.1 -X -EL -maarch64linux --fix-cortex-a53-843419 -o cmTC_5e839 /home/soniar/gcc-arm-10.2-2020.11-x86_64-aarch64-none-linux-gnu/bin/../aarch64-none-linux-gnu/libc/usr/lib/../lib64/crt1.o /home/soniar/gcc-arm-10.2-2020.11-x86_64-aarch64-none-linux-gnu/bin/../aarch64-none-linux-gnu/libc/usr/lib/../lib64/crti.o /home/soniar/gcc-arm-10.2-2020.11-x86_64-aarch64-none-linux-gnu/bin/../lib/gcc/aarch64-none-linux-gnu/10.2.1/crtbegin.o -L/home/soniar/gcc-arm-10.2-2020.11-x86_64-aarch64-none-linux-gnu/bin/../lib/gcc/aarch64-none-linux-gnu/10.2.1 -L/home/soniar/gcc-arm-10.2-2020.11-x86_64-aarch64-none-linux-gnu/bin/../lib/gcc -L/home/soniar/gcc-arm-10.2-2020.11-x86_64-aarch64-none-linux-gnu/bin/../lib/gcc/aarch64-none-linux-gnu/10.2.1/../../../../aarch64-none-linux-gnu/lib/../lib64 -L/home/soniar/gcc-arm-10.2-2020.11-x86_64-aarch64-none-linux-gnu/bin/../aarch64-none-linux-gnu/libc/lib/../lib64 -L/home/soniar/gcc-arm-10.2-2020.11-x86_64-aarch64-none-linux-gnu/bin/../aarch64-none-linux-gnu/libc/usr/lib/../lib64 -L/home/soniar/gcc-arm-10.2-2020.11-x86_64-aarch64-none-linux-gnu/bin/../lib/gcc/aarch64-none-linux-gnu/10.2.1/../../../../aarch64-none-linux-gnu/lib -L/home/soniar/gcc-arm-10.2-2020.11-x86_64-aarch64-none-linux-gnu/bin/../aarch64-none-linux-gnu/libc/lib -L/home/soniar/gcc-arm-10.2-2020.11-x86_64-aarch64-none-linux-gnu/bin/../aarch64-none-linux-gnu/libc/usr/lib CMakeFiles/cmTC_5e839.dir/CMakeCCompilerABI.c.o -lgcc --push-state --as-needed -lgcc_s --pop-state -lc -lgcc --push-state --as-needed -lgcc_s --pop-state /home/soniar/gcc-arm-10.2-2020.11-x86_64-aarch64-none-linux-gnu/bin/../lib/gcc/aarch64-none-linux-gnu/10.2.1/crtend.o /home/soniar/gcc-arm-10.2-2020.11-x86_64-aarch64-none-linux-gnu/bin/../aarch64-none-linux-gnu/libc/usr/lib/../lib64/crtn.o
COLLECT_GCC_OPTIONS='-v' '-rdynamic' '-o' 'cmTC_5e839' '-mlittle-endian' '-mabi=lp64'
gmake[1]: Leaving directory '/home/soniar/naiveDarknetNNPACKARMSVE/NNPACK/build1/CMakeFiles/CMakeTmp'



Parsed C implicit include dir info from above output: rv=done
  found start of include info
  found start of implicit include info
    add: [/home/soniar/gcc-arm-10.2-2020.11-x86_64-aarch64-none-linux-gnu/bin/../lib/gcc/aarch64-none-linux-gnu/10.2.1/include]
    add: [/home/soniar/gcc-arm-10.2-2020.11-x86_64-aarch64-none-linux-gnu/bin/../lib/gcc/aarch64-none-linux-gnu/10.2.1/include-fixed]
    add: [/home/soniar/gcc-arm-10.2-2020.11-x86_64-aarch64-none-linux-gnu/bin/../lib/gcc/aarch64-none-linux-gnu/10.2.1/../../../../aarch64-none-linux-gnu/include]
    add: [/home/soniar/gcc-arm-10.2-2020.11-x86_64-aarch64-none-linux-gnu/bin/../aarch64-none-linux-gnu/libc/usr/include]
  end of search list found
  collapse include dir [/home/soniar/gcc-arm-10.2-2020.11-x86_64-aarch64-none-linux-gnu/bin/../lib/gcc/aarch64-none-linux-gnu/10.2.1/include] ==> [/home/soniar/gcc-arm-10.2-2020.11-x86_64-aarch64-none-linux-gnu/lib/gcc/aarch64-none-linux-gnu/10.2.1/include]
  collapse include dir [/home/soniar/gcc-arm-10.2-2020.11-x86_64-aarch64-none-linux-gnu/bin/../lib/gcc/aarch64-none-linux-gnu/10.2.1/include-fixed] ==> [/home/soniar/gcc-arm-10.2-2020.11-x86_64-aarch64-none-linux-gnu/lib/gcc/aarch64-none-linux-gnu/10.2.1/include-fixed]
  collapse include dir [/home/soniar/gcc-arm-10.2-2020.11-x86_64-aarch64-none-linux-gnu/bin/../lib/gcc/aarch64-none-linux-gnu/10.2.1/../../../../aarch64-none-linux-gnu/include] ==> [/home/soniar/gcc-arm-10.2-2020.11-x86_64-aarch64-none-linux-gnu/aarch64-none-linux-gnu/include]
  collapse include dir [/home/soniar/gcc-arm-10.2-2020.11-x86_64-aarch64-none-linux-gnu/bin/../aarch64-none-linux-gnu/libc/usr/include] ==> [/home/soniar/gcc-arm-10.2-2020.11-x86_64-aarch64-none-linux-gnu/aarch64-none-linux-gnu/libc/usr/include]
  implicit include dirs: [/home/soniar/gcc-arm-10.2-2020.11-x86_64-aarch64-none-linux-gnu/lib/gcc/aarch64-none-linux-gnu/10.2.1/include;/home/soniar/gcc-arm-10.2-2020.11-x86_64-aarch64-none-linux-gnu/lib/gcc/aarch64-none-linux-gnu/10.2.1/include-fixed;/home/soniar/gcc-arm-10.2-2020.11-x86_64-aarch64-none-linux-gnu/aarch64-none-linux-gnu/include;/home/soniar/gcc-arm-10.2-2020.11-x86_64-aarch64-none-linux-gnu/aarch64-none-linux-gnu/libc/usr/include]


Parsed C implicit link information from above output:
  link line regex: [^( *|.*[/\])(aarch64-none-linux-gnu-ld|CMAKE_LINK_STARTFILE-NOTFOUND|([^/\]+-)?ld|collect2)[^/\]*( |$)]
  ignore line: [Change Dir: /home/soniar/naiveDarknetNNPACKARMSVE/NNPACK/build1/CMakeFiles/CMakeTmp]
  ignore line: []
  ignore line: [Run Build Command(s):/usr/bin/gmake -f Makefile cmTC_5e839/fast && /usr/bin/gmake  -f CMakeFiles/cmTC_5e839.dir/build.make CMakeFiles/cmTC_5e839.dir/build]
  ignore line: [gmake[1]: Entering directory '/home/soniar/naiveDarknetNNPACKARMSVE/NNPACK/build1/CMakeFiles/CMakeTmp']
  ignore line: [Building C object CMakeFiles/cmTC_5e839.dir/CMakeCCompilerABI.c.o]
  ignore line: [/home/soniar/gcc-arm-10.2-2020.11-x86_64-aarch64-none-linux-gnu/bin/aarch64-none-linux-gnu-gcc   -v -o CMakeFiles/cmTC_5e839.dir/CMakeCCompilerABI.c.o -c /usr/share/cmake-3.22/Modules/CMakeCCompilerABI.c]
  ignore line: [Using built-in specs.]
  ignore line: [COLLECT_GCC=/home/soniar/gcc-arm-10.2-2020.11-x86_64-aarch64-none-linux-gnu/bin/aarch64-none-linux-gnu-gcc]
  ignore line: [Target: aarch64-none-linux-gnu]
  ignore line: [Configured with: /tmp/dgboter/bbs/build04--cen7x86_64/buildbot/cen7x86_64--aarch64-none-linux-gnu/build/src/gcc/configure --target=aarch64-none-linux-gnu --prefix= --with-sysroot=/aarch64-none-linux-gnu/libc --with-build-sysroot=/tmp/dgboter/bbs/build04--cen7x86_64/buildbot/cen7x86_64--aarch64-none-linux-gnu/build/build-aarch64-none-linux-gnu/install//aarch64-none-linux-gnu/libc --with-bugurl=https://bugs.linaro.org/ --enable-gnu-indirect-function --enable-shared --disable-libssp --disable-libmudflap --enable-checking=release --enable-languages=c c++ fortran --with-gmp=/tmp/dgboter/bbs/build04--cen7x86_64/buildbot/cen7x86_64--aarch64-none-linux-gnu/build/build-aarch64-none-linux-gnu/host-tools --with-mpfr=/tmp/dgboter/bbs/build04--cen7x86_64/buildbot/cen7x86_64--aarch64-none-linux-gnu/build/build-aarch64-none-linux-gnu/host-tools --with-mpc=/tmp/dgboter/bbs/build04--cen7x86_64/buildbot/cen7x86_64--aarch64-none-linux-gnu/build/build-aarch64-none-linux-gnu/host-tools --with-isl=/tmp/dgboter/bbs/build04--cen7x86_64/buildbot/cen7x86_64--aarch64-none-linux-gnu/build/build-aarch64-none-linux-gnu/host-tools --enable-fix-cortex-a53-843419 --with-pkgversion='GNU Toolchain for the A-profile Architecture 10.2-2020.11 (arm-10.16)']
  ignore line: [Thread model: posix]
  ignore line: [Supported LTO compression algorithms: zlib]
  ignore line: [gcc version 10.2.1 20201103 (GNU Toolchain for the A-profile Architecture 10.2-2020.11 (arm-10.16)) ]
  ignore line: [COLLECT_GCC_OPTIONS='-v' '-o' 'CMakeFiles/cmTC_5e839.dir/CMakeCCompilerABI.c.o' '-c' '-mlittle-endian' '-mabi=lp64']
  ignore line: [ /home/soniar/gcc-arm-10.2-2020.11-x86_64-aarch64-none-linux-gnu/bin/../libexec/gcc/aarch64-none-linux-gnu/10.2.1/cc1 -quiet -v -iprefix /home/soniar/gcc-arm-10.2-2020.11-x86_64-aarch64-none-linux-gnu/bin/../lib/gcc/aarch64-none-linux-gnu/10.2.1/ -isysroot /home/soniar/gcc-arm-10.2-2020.11-x86_64-aarch64-none-linux-gnu/bin/../aarch64-none-linux-gnu/libc /usr/share/cmake-3.22/Modules/CMakeCCompilerABI.c -quiet -dumpbase CMakeCCompilerABI.c -mlittle-endian -mabi=lp64 -auxbase-strip CMakeFiles/cmTC_5e839.dir/CMakeCCompilerABI.c.o -version -o /tmp/ccPC60r2.s]
  ignore line: [GNU C17 (GNU Toolchain for the A-profile Architecture 10.2-2020.11 (arm-10.16)) version 10.2.1 20201103 (aarch64-none-linux-gnu)]
  ignore line: [	compiled by GNU C version 4.8.5 20150623 (Red Hat 4.8.5-39)  GMP version 4.3.2  MPFR version 3.1.6  MPC version 1.0.3  isl version isl-0.15-1-g835ea3a-GMP]
  ignore line: []
  ignore line: [GGC heuristics: --param ggc-min-expand=100 --param ggc-min-heapsize=131072]
  ignore line: [ignoring duplicate directory "/home/soniar/gcc-arm-10.2-2020.11-x86_64-aarch64-none-linux-gnu/bin/../lib/gcc/../../lib/gcc/aarch64-none-linux-gnu/10.2.1/include"]
  ignore line: [ignoring nonexistent directory "/home/soniar/gcc-arm-10.2-2020.11-x86_64-aarch64-none-linux-gnu/bin/../aarch64-none-linux-gnu/libc/usr/local/include"]
  ignore line: [ignoring duplicate directory "/home/soniar/gcc-arm-10.2-2020.11-x86_64-aarch64-none-linux-gnu/bin/../lib/gcc/../../lib/gcc/aarch64-none-linux-gnu/10.2.1/include-fixed"]
  ignore line: [ignoring duplicate directory "/home/soniar/gcc-arm-10.2-2020.11-x86_64-aarch64-none-linux-gnu/bin/../lib/gcc/../../lib/gcc/aarch64-none-linux-gnu/10.2.1/../../../../aarch64-none-linux-gnu/include"]
  ignore line: [#include "..." search starts here:]
  ignore line: [#include <...> search starts here:]
  ignore line: [ /home/soniar/gcc-arm-10.2-2020.11-x86_64-aarch64-none-linux-gnu/bin/../lib/gcc/aarch64-none-linux-gnu/10.2.1/include]
  ignore line: [ /home/soniar/gcc-arm-10.2-2020.11-x86_64-aarch64-none-linux-gnu/bin/../lib/gcc/aarch64-none-linux-gnu/10.2.1/include-fixed]
  ignore line: [ /home/soniar/gcc-arm-10.2-2020.11-x86_64-aarch64-none-linux-gnu/bin/../lib/gcc/aarch64-none-linux-gnu/10.2.1/../../../../aarch64-none-linux-gnu/include]
  ignore line: [ /home/soniar/gcc-arm-10.2-2020.11-x86_64-aarch64-none-linux-gnu/bin/../aarch64-none-linux-gnu/libc/usr/include]
  ignore line: [End of search list.]
  ignore line: [GNU C17 (GNU Toolchain for the A-profile Architecture 10.2-2020.11 (arm-10.16)) version 10.2.1 20201103 (aarch64-none-linux-gnu)]
  ignore line: [	compiled by GNU C version 4.8.5 20150623 (Red Hat 4.8.5-39)  GMP version 4.3.2  MPFR version 3.1.6  MPC version 1.0.3  isl version isl-0.15-1-g835ea3a-GMP]
  ignore line: []
  ignore line: [GGC heuristics: --param ggc-min-expand=100 --param ggc-min-heapsize=131072]
  ignore line: [Compiler executable checksum: 557171e29d60cade6f40fa125520c8f9]
  ignore line: [COLLECT_GCC_OPTIONS='-v' '-o' 'CMakeFiles/cmTC_5e839.dir/CMakeCCompilerABI.c.o' '-c' '-mlittle-endian' '-mabi=lp64']
  ignore line: [ /home/soniar/gcc-arm-10.2-2020.11-x86_64-aarch64-none-linux-gnu/bin/../lib/gcc/aarch64-none-linux-gnu/10.2.1/../../../../aarch64-none-linux-gnu/bin/as -v -EL -mabi=lp64 -o CMakeFiles/cmTC_5e839.dir/CMakeCCompilerABI.c.o /tmp/ccPC60r2.s]
  ignore line: [GNU assembler version 2.35.1 (aarch64-none-linux-gnu) using BFD version (GNU Toolchain for the A-profile Architecture 10.2-2020.11 (arm-10.16)) 2.35.1.20201028]
  ignore line: [COMPILER_PATH=/home/soniar/gcc-arm-10.2-2020.11-x86_64-aarch64-none-linux-gnu/bin/../libexec/gcc/aarch64-none-linux-gnu/10.2.1/:/home/soniar/gcc-arm-10.2-2020.11-x86_64-aarch64-none-linux-gnu/bin/../libexec/gcc/:/home/soniar/gcc-arm-10.2-2020.11-x86_64-aarch64-none-linux-gnu/bin/../lib/gcc/aarch64-none-linux-gnu/10.2.1/../../../../aarch64-none-linux-gnu/bin/]
  ignore line: [LIBRARY_PATH=/home/soniar/gcc-arm-10.2-2020.11-x86_64-aarch64-none-linux-gnu/bin/../lib/gcc/aarch64-none-linux-gnu/10.2.1/:/home/soniar/gcc-arm-10.2-2020.11-x86_64-aarch64-none-linux-gnu/bin/../lib/gcc/:/home/soniar/gcc-arm-10.2-2020.11-x86_64-aarch64-none-linux-gnu/bin/../lib/gcc/aarch64-none-linux-gnu/10.2.1/../../../../aarch64-none-linux-gnu/lib/../lib64/:/home/soniar/gcc-arm-10.2-2020.11-x86_64-aarch64-none-linux-gnu/bin/../aarch64-none-linux-gnu/libc/lib/../lib64/:/home/soniar/gcc-arm-10.2-2020.11-x86_64-aarch64-none-linux-gnu/bin/../aarch64-none-linux-gnu/libc/usr/lib/../lib64/:/home/soniar/gcc-arm-10.2-2020.11-x86_64-aarch64-none-linux-gnu/bin/../lib/gcc/aarch64-none-linux-gnu/10.2.1/../../../../aarch64-none-linux-gnu/lib/:/home/soniar/gcc-arm-10.2-2020.11-x86_64-aarch64-none-linux-gnu/bin/../aarch64-none-linux-gnu/libc/lib/:/home/soniar/gcc-arm-10.2-2020.11-x86_64-aarch64-none-linux-gnu/bin/../aarch64-none-linux-gnu/libc/usr/lib/]
  ignore line: [COLLECT_GCC_OPTIONS='-v' '-o' 'CMakeFiles/cmTC_5e839.dir/CMakeCCompilerABI.c.o' '-c' '-mlittle-endian' '-mabi=lp64']
  ignore line: [Linking C executable cmTC_5e839]
  ignore line: [/usr/bin/cmake -E cmake_link_script CMakeFiles/cmTC_5e839.dir/link.txt --verbose=1]
  ignore line: [/home/soniar/gcc-arm-10.2-2020.11-x86_64-aarch64-none-linux-gnu/bin/aarch64-none-linux-gnu-gcc  -v -rdynamic CMakeFiles/cmTC_5e839.dir/CMakeCCompilerABI.c.o -o cmTC_5e839 ]
  ignore line: [Using built-in specs.]
  ignore line: [COLLECT_GCC=/home/soniar/gcc-arm-10.2-2020.11-x86_64-aarch64-none-linux-gnu/bin/aarch64-none-linux-gnu-gcc]
  ignore line: [COLLECT_LTO_WRAPPER=/home/soniar/gcc-arm-10.2-2020.11-x86_64-aarch64-none-linux-gnu/bin/../libexec/gcc/aarch64-none-linux-gnu/10.2.1/lto-wrapper]
  ignore line: [Target: aarch64-none-linux-gnu]
  ignore line: [Configured with: /tmp/dgboter/bbs/build04--cen7x86_64/buildbot/cen7x86_64--aarch64-none-linux-gnu/build/src/gcc/configure --target=aarch64-none-linux-gnu --prefix= --with-sysroot=/aarch64-none-linux-gnu/libc --with-build-sysroot=/tmp/dgboter/bbs/build04--cen7x86_64/buildbot/cen7x86_64--aarch64-none-linux-gnu/build/build-aarch64-none-linux-gnu/install//aarch64-none-linux-gnu/libc --with-bugurl=https://bugs.linaro.org/ --enable-gnu-indirect-function --enable-shared --disable-libssp --disable-libmudflap --enable-checking=release --enable-languages=c c++ fortran --with-gmp=/tmp/dgboter/bbs/build04--cen7x86_64/buildbot/cen7x86_64--aarch64-none-linux-gnu/build/build-aarch64-none-linux-gnu/host-tools --with-mpfr=/tmp/dgboter/bbs/build04--cen7x86_64/buildbot/cen7x86_64--aarch64-none-linux-gnu/build/build-aarch64-none-linux-gnu/host-tools --with-mpc=/tmp/dgboter/bbs/build04--cen7x86_64/buildbot/cen7x86_64--aarch64-none-linux-gnu/build/build-aarch64-none-linux-gnu/host-tools --with-isl=/tmp/dgboter/bbs/build04--cen7x86_64/buildbot/cen7x86_64--aarch64-none-linux-gnu/build/build-aarch64-none-linux-gnu/host-tools --enable-fix-cortex-a53-843419 --with-pkgversion='GNU Toolchain for the A-profile Architecture 10.2-2020.11 (arm-10.16)']
  ignore line: [Thread model: posix]
  ignore line: [Supported LTO compression algorithms: zlib]
  ignore line: [gcc version 10.2.1 20201103 (GNU Toolchain for the A-profile Architecture 10.2-2020.11 (arm-10.16)) ]
  ignore line: [COMPILER_PATH=/home/soniar/gcc-arm-10.2-2020.11-x86_64-aarch64-none-linux-gnu/bin/../libexec/gcc/aarch64-none-linux-gnu/10.2.1/:/home/soniar/gcc-arm-10.2-2020.11-x86_64-aarch64-none-linux-gnu/bin/../libexec/gcc/:/home/soniar/gcc-arm-10.2-2020.11-x86_64-aarch64-none-linux-gnu/bin/../lib/gcc/aarch64-none-linux-gnu/10.2.1/../../../../aarch64-none-linux-gnu/bin/]
  ignore line: [LIBRARY_PATH=/home/soniar/gcc-arm-10.2-2020.11-x86_64-aarch64-none-linux-gnu/bin/../lib/gcc/aarch64-none-linux-gnu/10.2.1/:/home/soniar/gcc-arm-10.2-2020.11-x86_64-aarch64-none-linux-gnu/bin/../lib/gcc/:/home/soniar/gcc-arm-10.2-2020.11-x86_64-aarch64-none-linux-gnu/bin/../lib/gcc/aarch64-none-linux-gnu/10.2.1/../../../../aarch64-none-linux-gnu/lib/../lib64/:/home/soniar/gcc-arm-10.2-2020.11-x86_64-aarch64-none-linux-gnu/bin/../aarch64-none-linux-gnu/libc/lib/../lib64/:/home/soniar/gcc-arm-10.2-2020.11-x86_64-aarch64-none-linux-gnu/bin/../aarch64-none-linux-gnu/libc/usr/lib/../lib64/:/home/soniar/gcc-arm-10.2-2020.11-x86_64-aarch64-none-linux-gnu/bin/../lib/gcc/aarch64-none-linux-gnu/10.2.1/../../../../aarch64-none-linux-gnu/lib/:/home/soniar/gcc-arm-10.2-2020.11-x86_64-aarch64-none-linux-gnu/bin/../aarch64-none-linux-gnu/libc/lib/:/home/soniar/gcc-arm-10.2-2020.11-x86_64-aarch64-none-linux-gnu/bin/../aarch64-none-linux-gnu/libc/usr/lib/]
  ignore line: [COLLECT_GCC_OPTIONS='-v' '-rdynamic' '-o' 'cmTC_5e839' '-mlittle-endian' '-mabi=lp64']
  link line: [ /home/soniar/gcc-arm-10.2-2020.11-x86_64-aarch64-none-linux-gnu/bin/../libexec/gcc/aarch64-none-linux-gnu/10.2.1/collect2 -plugin /home/soniar/gcc-arm-10.2-2020.11-x86_64-aarch64-none-linux-gnu/bin/../libexec/gcc/aarch64-none-linux-gnu/10.2.1/liblto_plugin.so -plugin-opt=/home/soniar/gcc-arm-10.2-2020.11-x86_64-aarch64-none-linux-gnu/bin/../libexec/gcc/aarch64-none-linux-gnu/10.2.1/lto-wrapper -plugin-opt=-fresolution=/tmp/ccfnKkdC.res -plugin-opt=-pass-through=-lgcc -plugin-opt=-pass-through=-lgcc_s -plugin-opt=-pass-through=-lc -plugin-opt=-pass-through=-lgcc -plugin-opt=-pass-through=-lgcc_s --sysroot=/home/soniar/gcc-arm-10.2-2020.11-x86_64-aarch64-none-linux-gnu/bin/../aarch64-none-linux-gnu/libc --eh-frame-hdr -export-dynamic -dynamic-linker /lib/ld-linux-aarch64.so.1 -X -EL -maarch64linux --fix-cortex-a53-843419 -o cmTC_5e839 /home/soniar/gcc-arm-10.2-2020.11-x86_64-aarch64-none-linux-gnu/bin/../aarch64-none-linux-gnu/libc/usr/lib/../lib64/crt1.o /home/soniar/gcc-arm-10.2-2020.11-x86_64-aarch64-none-linux-gnu/bin/../aarch64-none-linux-gnu/libc/usr/lib/../lib64/crti.o /home/soniar/gcc-arm-10.2-2020.11-x86_64-aarch64-none-linux-gnu/bin/../lib/gcc/aarch64-none-linux-gnu/10.2.1/crtbegin.o -L/home/soniar/gcc-arm-10.2-2020.11-x86_64-aarch64-none-linux-gnu/bin/../lib/gcc/aarch64-none-linux-gnu/10.2.1 -L/home/soniar/gcc-arm-10.2-2020.11-x86_64-aarch64-none-linux-gnu/bin/../lib/gcc -L/home/soniar/gcc-arm-10.2-2020.11-x86_64-aarch64-none-linux-gnu/bin/../lib/gcc/aarch64-none-linux-gnu/10.2.1/../../../../aarch64-none-linux-gnu/lib/../lib64 -L/home/soniar/gcc-arm-10.2-2020.11-x86_64-aarch64-none-linux-gnu/bin/../aarch64-none-linux-gnu/libc/lib/../lib64 -L/home/soniar/gcc-arm-10.2-2020.11-x86_64-aarch64-none-linux-gnu/bin/../aarch64-none-linux-gnu/libc/usr/lib/../lib64 -L/home/soniar/gcc-arm-10.2-2020.11-x86_64-aarch64-none-linux-gnu/bin/../lib/gcc/aarch64-none-linux-gnu/10.2.1/../../../../aarch64-none-linux-gnu/lib -L/home/soniar/gcc-arm-10.2-2020.11-x86_64-aarch64-none-linux-gnu/bin/../aarch64-none-linux-gnu/libc/lib -L/home/soniar/gcc-arm-10.2-2020.11-x86_64-aarch64-none-linux-gnu/bin/../aarch64-none-linux-gnu/libc/usr/lib CMakeFiles/cmTC_5e839.dir/CMakeCCompilerABI.c.o -lgcc --push-state --as-needed -lgcc_s --pop-state -lc -lgcc --push-state --as-needed -lgcc_s --pop-state /home/soniar/gcc-arm-10.2-2020.11-x86_64-aarch64-none-linux-gnu/bin/../lib/gcc/aarch64-none-linux-gnu/10.2.1/crtend.o /home/soniar/gcc-arm-10.2-2020.11-x86_64-aarch64-none-linux-gnu/bin/../aarch64-none-linux-gnu/libc/usr/lib/../lib64/crtn.o]
    arg [/home/soniar/gcc-arm-10.2-2020.11-x86_64-aarch64-none-linux-gnu/bin/../libexec/gcc/aarch64-none-linux-gnu/10.2.1/collect2] ==> ignore
    arg [-plugin] ==> ignore
    arg [/home/soniar/gcc-arm-10.2-2020.11-x86_64-aarch64-none-linux-gnu/bin/../libexec/gcc/aarch64-none-linux-gnu/10.2.1/liblto_plugin.so] ==> ignore
    arg [-plugin-opt=/home/soniar/gcc-arm-10.2-2020.11-x86_64-aarch64-none-linux-gnu/bin/../libexec/gcc/aarch64-none-linux-gnu/10.2.1/lto-wrapper] ==> ignore
    arg [-plugin-opt=-fresolution=/tmp/ccfnKkdC.res] ==> ignore
    arg [-plugin-opt=-pass-through=-lgcc] ==> ignore
    arg [-plugin-opt=-pass-through=-lgcc_s] ==> ignore
    arg [-plugin-opt=-pass-through=-lc] ==> ignore
    arg [-plugin-opt=-pass-through=-lgcc] ==> ignore
    arg [-plugin-opt=-pass-through=-lgcc_s] ==> ignore
    arg [--sysroot=/home/soniar/gcc-arm-10.2-2020.11-x86_64-aarch64-none-linux-gnu/bin/../aarch64-none-linux-gnu/libc] ==> ignore
    arg [--eh-frame-hdr] ==> ignore
    arg [-export-dynamic] ==> ignore
    arg [-dynamic-linker] ==> ignore
    arg [/lib/ld-linux-aarch64.so.1] ==> ignore
    arg [-X] ==> ignore
    arg [-EL] ==> ignore
    arg [-maarch64linux] ==> ignore
    arg [--fix-cortex-a53-843419] ==> ignore
    arg [-o] ==> ignore
    arg [cmTC_5e839] ==> ignore
    arg [/home/soniar/gcc-arm-10.2-2020.11-x86_64-aarch64-none-linux-gnu/bin/../aarch64-none-linux-gnu/libc/usr/lib/../lib64/crt1.o] ==> obj [/home/soniar/gcc-arm-10.2-2020.11-x86_64-aarch64-none-linux-gnu/bin/../aarch64-none-linux-gnu/libc/usr/lib/../lib64/crt1.o]
    arg [/home/soniar/gcc-arm-10.2-2020.11-x86_64-aarch64-none-linux-gnu/bin/../aarch64-none-linux-gnu/libc/usr/lib/../lib64/crti.o] ==> obj [/home/soniar/gcc-arm-10.2-2020.11-x86_64-aarch64-none-linux-gnu/bin/../aarch64-none-linux-gnu/libc/usr/lib/../lib64/crti.o]
    arg [/home/soniar/gcc-arm-10.2-2020.11-x86_64-aarch64-none-linux-gnu/bin/../lib/gcc/aarch64-none-linux-gnu/10.2.1/crtbegin.o] ==> obj [/home/soniar/gcc-arm-10.2-2020.11-x86_64-aarch64-none-linux-gnu/bin/../lib/gcc/aarch64-none-linux-gnu/10.2.1/crtbegin.o]
    arg [-L/home/soniar/gcc-arm-10.2-2020.11-x86_64-aarch64-none-linux-gnu/bin/../lib/gcc/aarch64-none-linux-gnu/10.2.1] ==> dir [/home/soniar/gcc-arm-10.2-2020.11-x86_64-aarch64-none-linux-gnu/bin/../lib/gcc/aarch64-none-linux-gnu/10.2.1]
    arg [-L/home/soniar/gcc-arm-10.2-2020.11-x86_64-aarch64-none-linux-gnu/bin/../lib/gcc] ==> dir [/home/soniar/gcc-arm-10.2-2020.11-x86_64-aarch64-none-linux-gnu/bin/../lib/gcc]
    arg [-L/home/soniar/gcc-arm-10.2-2020.11-x86_64-aarch64-none-linux-gnu/bin/../lib/gcc/aarch64-none-linux-gnu/10.2.1/../../../../aarch64-none-linux-gnu/lib/../lib64] ==> dir [/home/soniar/gcc-arm-10.2-2020.11-x86_64-aarch64-none-linux-gnu/bin/../lib/gcc/aarch64-none-linux-gnu/10.2.1/../../../../aarch64-none-linux-gnu/lib/../lib64]
    arg [-L/home/soniar/gcc-arm-10.2-2020.11-x86_64-aarch64-none-linux-gnu/bin/../aarch64-none-linux-gnu/libc/lib/../lib64] ==> dir [/home/soniar/gcc-arm-10.2-2020.11-x86_64-aarch64-none-linux-gnu/bin/../aarch64-none-linux-gnu/libc/lib/../lib64]
    arg [-L/home/soniar/gcc-arm-10.2-2020.11-x86_64-aarch64-none-linux-gnu/bin/../aarch64-none-linux-gnu/libc/usr/lib/../lib64] ==> dir [/home/soniar/gcc-arm-10.2-2020.11-x86_64-aarch64-none-linux-gnu/bin/../aarch64-none-linux-gnu/libc/usr/lib/../lib64]
    arg [-L/home/soniar/gcc-arm-10.2-2020.11-x86_64-aarch64-none-linux-gnu/bin/../lib/gcc/aarch64-none-linux-gnu/10.2.1/../../../../aarch64-none-linux-gnu/lib] ==> dir [/home/soniar/gcc-arm-10.2-2020.11-x86_64-aarch64-none-linux-gnu/bin/../lib/gcc/aarch64-none-linux-gnu/10.2.1/../../../../aarch64-none-linux-gnu/lib]
    arg [-L/home/soniar/gcc-arm-10.2-2020.11-x86_64-aarch64-none-linux-gnu/bin/../aarch64-none-linux-gnu/libc/lib] ==> dir [/home/soniar/gcc-arm-10.2-2020.11-x86_64-aarch64-none-linux-gnu/bin/../aarch64-none-linux-gnu/libc/lib]
    arg [-L/home/soniar/gcc-arm-10.2-2020.11-x86_64-aarch64-none-linux-gnu/bin/../aarch64-none-linux-gnu/libc/usr/lib] ==> dir [/home/soniar/gcc-arm-10.2-2020.11-x86_64-aarch64-none-linux-gnu/bin/../aarch64-none-linux-gnu/libc/usr/lib]
    arg [CMakeFiles/cmTC_5e839.dir/CMakeCCompilerABI.c.o] ==> ignore
    arg [-lgcc] ==> lib [gcc]
    arg [--push-state] ==> ignore
    arg [--as-needed] ==> ignore
    arg [-lgcc_s] ==> lib [gcc_s]
    arg [--pop-state] ==> ignore
    arg [-lc] ==> lib [c]
    arg [-lgcc] ==> lib [gcc]
    arg [--push-state] ==> ignore
    arg [--as-needed] ==> ignore
    arg [-lgcc_s] ==> lib [gcc_s]
    arg [--pop-state] ==> ignore
    arg [/home/soniar/gcc-arm-10.2-2020.11-x86_64-aarch64-none-linux-gnu/bin/../lib/gcc/aarch64-none-linux-gnu/10.2.1/crtend.o] ==> obj [/home/soniar/gcc-arm-10.2-2020.11-x86_64-aarch64-none-linux-gnu/bin/../lib/gcc/aarch64-none-linux-gnu/10.2.1/crtend.o]
    arg [/home/soniar/gcc-arm-10.2-2020.11-x86_64-aarch64-none-linux-gnu/bin/../aarch64-none-linux-gnu/libc/usr/lib/../lib64/crtn.o] ==> obj [/home/soniar/gcc-arm-10.2-2020.11-x86_64-aarch64-none-linux-gnu/bin/../aarch64-none-linux-gnu/libc/usr/lib/../lib64/crtn.o]
  collapse obj [/home/soniar/gcc-arm-10.2-2020.11-x86_64-aarch64-none-linux-gnu/bin/../aarch64-none-linux-gnu/libc/usr/lib/../lib64/crt1.o] ==> [/home/soniar/gcc-arm-10.2-2020.11-x86_64-aarch64-none-linux-gnu/aarch64-none-linux-gnu/libc/usr/lib64/crt1.o]
  collapse obj [/home/soniar/gcc-arm-10.2-2020.11-x86_64-aarch64-none-linux-gnu/bin/../aarch64-none-linux-gnu/libc/usr/lib/../lib64/crti.o] ==> [/home/soniar/gcc-arm-10.2-2020.11-x86_64-aarch64-none-linux-gnu/aarch64-none-linux-gnu/libc/usr/lib64/crti.o]
  collapse obj [/home/soniar/gcc-arm-10.2-2020.11-x86_64-aarch64-none-linux-gnu/bin/../lib/gcc/aarch64-none-linux-gnu/10.2.1/crtbegin.o] ==> [/home/soniar/gcc-arm-10.2-2020.11-x86_64-aarch64-none-linux-gnu/lib/gcc/aarch64-none-linux-gnu/10.2.1/crtbegin.o]
  collapse obj [/home/soniar/gcc-arm-10.2-2020.11-x86_64-aarch64-none-linux-gnu/bin/../lib/gcc/aarch64-none-linux-gnu/10.2.1/crtend.o] ==> [/home/soniar/gcc-arm-10.2-2020.11-x86_64-aarch64-none-linux-gnu/lib/gcc/aarch64-none-linux-gnu/10.2.1/crtend.o]
  collapse obj [/home/soniar/gcc-arm-10.2-2020.11-x86_64-aarch64-none-linux-gnu/bin/../aarch64-none-linux-gnu/libc/usr/lib/../lib64/crtn.o] ==> [/home/soniar/gcc-arm-10.2-2020.11-x86_64-aarch64-none-linux-gnu/aarch64-none-linux-gnu/libc/usr/lib64/crtn.o]
  collapse library dir [/home/soniar/gcc-arm-10.2-2020.11-x86_64-aarch64-none-linux-gnu/bin/../lib/gcc/aarch64-none-linux-gnu/10.2.1] ==> [/home/soniar/gcc-arm-10.2-2020.11-x86_64-aarch64-none-linux-gnu/lib/gcc/aarch64-none-linux-gnu/10.2.1]
  collapse library dir [/home/soniar/gcc-arm-10.2-2020.11-x86_64-aarch64-none-linux-gnu/bin/../lib/gcc] ==> [/home/soniar/gcc-arm-10.2-2020.11-x86_64-aarch64-none-linux-gnu/lib/gcc]
  collapse library dir [/home/soniar/gcc-arm-10.2-2020.11-x86_64-aarch64-none-linux-gnu/bin/../lib/gcc/aarch64-none-linux-gnu/10.2.1/../../../../aarch64-none-linux-gnu/lib/../lib64] ==> [/home/soniar/gcc-arm-10.2-2020.11-x86_64-aarch64-none-linux-gnu/aarch64-none-linux-gnu/lib64]
  collapse library dir [/home/soniar/gcc-arm-10.2-2020.11-x86_64-aarch64-none-linux-gnu/bin/../aarch64-none-linux-gnu/libc/lib/../lib64] ==> [/home/soniar/gcc-arm-10.2-2020.11-x86_64-aarch64-none-linux-gnu/aarch64-none-linux-gnu/libc/lib64]
  collapse library dir [/home/soniar/gcc-arm-10.2-2020.11-x86_64-aarch64-none-linux-gnu/bin/../aarch64-none-linux-gnu/libc/usr/lib/../lib64] ==> [/home/soniar/gcc-arm-10.2-2020.11-x86_64-aarch64-none-linux-gnu/aarch64-none-linux-gnu/libc/usr/lib64]
  collapse library dir [/home/soniar/gcc-arm-10.2-2020.11-x86_64-aarch64-none-linux-gnu/bin/../lib/gcc/aarch64-none-linux-gnu/10.2.1/../../../../aarch64-none-linux-gnu/lib] ==> [/home/soniar/gcc-arm-10.2-2020.11-x86_64-aarch64-none-linux-gnu/aarch64-none-linux-gnu/lib]
  collapse library dir [/home/soniar/gcc-arm-10.2-2020.11-x86_64-aarch64-none-linux-gnu/bin/../aarch64-none-linux-gnu/libc/lib] ==> [/home/soniar/gcc-arm-10.2-2020.11-x86_64-aarch64-none-linux-gnu/aarch64-none-linux-gnu/libc/lib]
  collapse library dir [/home/soniar/gcc-arm-10.2-2020.11-x86_64-aarch64-none-linux-gnu/bin/../aarch64-none-linux-gnu/libc/usr/lib] ==> [/home/soniar/gcc-arm-10.2-2020.11-x86_64-aarch64-none-linux-gnu/aarch64-none-linux-gnu/libc/usr/lib]
  implicit libs: [gcc;gcc_s;c;gcc;gcc_s]
  implicit objs: [/home/soniar/gcc-arm-10.2-2020.11-x86_64-aarch64-none-linux-gnu/aarch64-none-linux-gnu/libc/usr/lib64/crt1.o;/home/soniar/gcc-arm-10.2-2020.11-x86_64-aarch64-none-linux-gnu/aarch64-none-linux-gnu/libc/usr/lib64/crti.o;/home/soniar/gcc-arm-10.2-2020.11-x86_64-aarch64-none-linux-gnu/lib/gcc/aarch64-none-linux-gnu/10.2.1/crtbegin.o;/home/soniar/gcc-arm-10.2-2020.11-x86_64-aarch64-none-linux-gnu/lib/gcc/aarch64-none-linux-gnu/10.2.1/crtend.o;/home/soniar/gcc-arm-10.2-2020.11-x86_64-aarch64-none-linux-gnu/aarch64-none-linux-gnu/libc/usr/lib64/crtn.o]
  implicit dirs: [/home/soniar/gcc-arm-10.2-2020.11-x86_64-aarch64-none-linux-gnu/lib/gcc/aarch64-none-linux-gnu/10.2.1;/home/soniar/gcc-arm-10.2-2020.11-x86_64-aarch64-none-linux-gnu/lib/gcc;/home/soniar/gcc-arm-10.2-2020.11-x86_64-aarch64-none-linux-gnu/aarch64-none-linux-gnu/lib64;/home/soniar/gcc-arm-10.2-2020.11-x86_64-aarch64-none-linux-gnu/aarch64-none-linux-gnu/libc/lib64;/home/soniar/gcc-arm-10.2-2020.11-x86_64-aarch64-none-linux-gnu/aarch64-none-linux-gnu/libc/usr/lib64;/home/soniar/gcc-arm-10.2-2020.11-x86_64-aarch64-none-linux-gnu/aarch64-none-linux-gnu/lib;/home/soniar/gcc-arm-10.2-2020.11-x86_64-aarch64-none-linux-gnu/aarch64-none-linux-gnu/libc/lib;/home/soniar/gcc-arm-10.2-2020.11-x86_64-aarch64-none-linux-gnu/aarch64-none-linux-gnu/libc/usr/lib]
  implicit fwks: []


Detecting CXX compiler ABI info compiled with the following output:
Change Dir: /home/soniar/naiveDarknetNNPACKARMSVE/NNPACK/build1/CMakeFiles/CMakeTmp

Run Build Command(s):/usr/bin/gmake -f Makefile cmTC_fb7b0/fast && /usr/bin/gmake  -f CMakeFiles/cmTC_fb7b0.dir/build.make CMakeFiles/cmTC_fb7b0.dir/build
gmake[1]: Entering directory '/home/soniar/naiveDarknetNNPACKARMSVE/NNPACK/build1/CMakeFiles/CMakeTmp'
Building CXX object CMakeFiles/cmTC_fb7b0.dir/CMakeCXXCompilerABI.cpp.o
/home/soniar/gcc-arm-10.2-2020.11-x86_64-aarch64-none-linux-gnu/bin/aarch64-none-linux-gnu-g++   -v -o CMakeFiles/cmTC_fb7b0.dir/CMakeCXXCompilerABI.cpp.o -c /usr/share/cmake-3.22/Modules/CMakeCXXCompilerABI.cpp
Using built-in specs.
COLLECT_GCC=/home/soniar/gcc-arm-10.2-2020.11-x86_64-aarch64-none-linux-gnu/bin/aarch64-none-linux-gnu-g++
Target: aarch64-none-linux-gnu
Configured with: /tmp/dgboter/bbs/build04--cen7x86_64/buildbot/cen7x86_64--aarch64-none-linux-gnu/build/src/gcc/configure --target=aarch64-none-linux-gnu --prefix= --with-sysroot=/aarch64-none-linux-gnu/libc --with-build-sysroot=/tmp/dgboter/bbs/build04--cen7x86_64/buildbot/cen7x86_64--aarch64-none-linux-gnu/build/build-aarch64-none-linux-gnu/install//aarch64-none-linux-gnu/libc --with-bugurl=https://bugs.linaro.org/ --enable-gnu-indirect-function --enable-shared --disable-libssp --disable-libmudflap --enable-checking=release --enable-languages=c,c++,fortran --with-gmp=/tmp/dgboter/bbs/build04--cen7x86_64/buildbot/cen7x86_64--aarch64-none-linux-gnu/build/build-aarch64-none-linux-gnu/host-tools --with-mpfr=/tmp/dgboter/bbs/build04--cen7x86_64/buildbot/cen7x86_64--aarch64-none-linux-gnu/build/build-aarch64-none-linux-gnu/host-tools --with-mpc=/tmp/dgboter/bbs/build04--cen7x86_64/buildbot/cen7x86_64--aarch64-none-linux-gnu/build/build-aarch64-none-linux-gnu/host-tools --with-isl=/tmp/dgboter/bbs/build04--cen7x86_64/buildbot/cen7x86_64--aarch64-none-linux-gnu/build/build-aarch64-none-linux-gnu/host-tools --enable-fix-cortex-a53-843419 --with-pkgversion='GNU Toolchain for the A-profile Architecture 10.2-2020.11 (arm-10.16)'
Thread model: posix
Supported LTO compression algorithms: zlib
gcc version 10.2.1 20201103 (GNU Toolchain for the A-profile Architecture 10.2-2020.11 (arm-10.16)) 
COLLECT_GCC_OPTIONS='-v' '-o' 'CMakeFiles/cmTC_fb7b0.dir/CMakeCXXCompilerABI.cpp.o' '-c' '-shared-libgcc' '-mlittle-endian' '-mabi=lp64'
 /home/soniar/gcc-arm-10.2-2020.11-x86_64-aarch64-none-linux-gnu/bin/../libexec/gcc/aarch64-none-linux-gnu/10.2.1/cc1plus -quiet -v -iprefix /home/soniar/gcc-arm-10.2-2020.11-x86_64-aarch64-none-linux-gnu/bin/../lib/gcc/aarch64-none-linux-gnu/10.2.1/ -isysroot /home/soniar/gcc-arm-10.2-2020.11-x86_64-aarch64-none-linux-gnu/bin/../aarch64-none-linux-gnu/libc -D_GNU_SOURCE /usr/share/cmake-3.22/Modules/CMakeCXXCompilerABI.cpp -quiet -dumpbase CMakeCXXCompilerABI.cpp -mlittle-endian -mabi=lp64 -auxbase-strip CMakeFiles/cmTC_fb7b0.dir/CMakeCXXCompilerABI.cpp.o -version -o /tmp/ccyiQUmR.s
GNU C++14 (GNU Toolchain for the A-profile Architecture 10.2-2020.11 (arm-10.16)) version 10.2.1 20201103 (aarch64-none-linux-gnu)
	compiled by GNU C version 4.8.5 20150623 (Red Hat 4.8.5-39), GMP version 4.3.2, MPFR version 3.1.6, MPC version 1.0.3, isl version isl-0.15-1-g835ea3a-GMP

GGC heuristics: --param ggc-min-expand=100 --param ggc-min-heapsize=131072
ignoring duplicate directory "/home/soniar/gcc-arm-10.2-2020.11-x86_64-aarch64-none-linux-gnu/bin/../lib/gcc/../../lib/gcc/aarch64-none-linux-gnu/10.2.1/../../../../aarch64-none-linux-gnu/include/c++/10.2.1"
ignoring duplicate directory "/home/soniar/gcc-arm-10.2-2020.11-x86_64-aarch64-none-linux-gnu/bin/../lib/gcc/../../lib/gcc/aarch64-none-linux-gnu/10.2.1/../../../../aarch64-none-linux-gnu/include/c++/10.2.1/aarch64-none-linux-gnu"
ignoring duplicate directory "/home/soniar/gcc-arm-10.2-2020.11-x86_64-aarch64-none-linux-gnu/bin/../lib/gcc/../../lib/gcc/aarch64-none-linux-gnu/10.2.1/../../../../aarch64-none-linux-gnu/include/c++/10.2.1/backward"
ignoring duplicate directory "/home/soniar/gcc-arm-10.2-2020.11-x86_64-aarch64-none-linux-gnu/bin/../lib/gcc/../../lib/gcc/aarch64-none-linux-gnu/10.2.1/include"
ignoring nonexistent directory "/home/soniar/gcc-arm-10.2-2020.11-x86_64-aarch64-none-linux-gnu/bin/../aarch64-none-linux-gnu/libc/usr/local/include"
ignoring duplicate directory "/home/soniar/gcc-arm-10.2-2020.11-x86_64-aarch64-none-linux-gnu/bin/../lib/gcc/../../lib/gcc/aarch64-none-linux-gnu/10.2.1/include-fixed"
ignoring duplicate directory "/home/soniar/gcc-arm-10.2-2020.11-x86_64-aarch64-none-linux-gnu/bin/../lib/gcc/../../lib/gcc/aarch64-none-linux-gnu/10.2.1/../../../../aarch64-none-linux-gnu/include"
#include "..." search starts here:
#include <...> search starts here:
 /home/soniar/gcc-arm-10.2-2020.11-x86_64-aarch64-none-linux-gnu/bin/../lib/gcc/aarch64-none-linux-gnu/10.2.1/../../../../aarch64-none-linux-gnu/include/c++/10.2.1
 /home/soniar/gcc-arm-10.2-2020.11-x86_64-aarch64-none-linux-gnu/bin/../lib/gcc/aarch64-none-linux-gnu/10.2.1/../../../../aarch64-none-linux-gnu/include/c++/10.2.1/aarch64-none-linux-gnu
 /home/soniar/gcc-arm-10.2-2020.11-x86_64-aarch64-none-linux-gnu/bin/../lib/gcc/aarch64-none-linux-gnu/10.2.1/../../../../aarch64-none-linux-gnu/include/c++/10.2.1/backward
 /home/soniar/gcc-arm-10.2-2020.11-x86_64-aarch64-none-linux-gnu/bin/../lib/gcc/aarch64-none-linux-gnu/10.2.1/include
 /home/soniar/gcc-arm-10.2-2020.11-x86_64-aarch64-none-linux-gnu/bin/../lib/gcc/aarch64-none-linux-gnu/10.2.1/include-fixed
 /home/soniar/gcc-arm-10.2-2020.11-x86_64-aarch64-none-linux-gnu/bin/../lib/gcc/aarch64-none-linux-gnu/10.2.1/../../../../aarch64-none-linux-gnu/include
 /home/soniar/gcc-arm-10.2-2020.11-x86_64-aarch64-none-linux-gnu/bin/../aarch64-none-linux-gnu/libc/usr/include
End of search list.
GNU C++14 (GNU Toolchain for the A-profile Architecture 10.2-2020.11 (arm-10.16)) version 10.2.1 20201103 (aarch64-none-linux-gnu)
	compiled by GNU C version 4.8.5 20150623 (Red Hat 4.8.5-39), GMP version 4.3.2, MPFR version 3.1.6, MPC version 1.0.3, isl version isl-0.15-1-g835ea3a-GMP

GGC heuristics: --param ggc-min-expand=100 --param ggc-min-heapsize=131072
Compiler executable checksum: 936eda7bb9362af3c69a17a4200d3282
COLLECT_GCC_OPTIONS='-v' '-o' 'CMakeFiles/cmTC_fb7b0.dir/CMakeCXXCompilerABI.cpp.o' '-c' '-shared-libgcc' '-mlittle-endian' '-mabi=lp64'
 /home/soniar/gcc-arm-10.2-2020.11-x86_64-aarch64-none-linux-gnu/bin/../lib/gcc/aarch64-none-linux-gnu/10.2.1/../../../../aarch64-none-linux-gnu/bin/as -v -EL -mabi=lp64 -o CMakeFiles/cmTC_fb7b0.dir/CMakeCXXCompilerABI.cpp.o /tmp/ccyiQUmR.s
GNU assembler version 2.35.1 (aarch64-none-linux-gnu) using BFD version (GNU Toolchain for the A-profile Architecture 10.2-2020.11 (arm-10.16)) 2.35.1.20201028
COMPILER_PATH=/home/soniar/gcc-arm-10.2-2020.11-x86_64-aarch64-none-linux-gnu/bin/../libexec/gcc/aarch64-none-linux-gnu/10.2.1/:/home/soniar/gcc-arm-10.2-2020.11-x86_64-aarch64-none-linux-gnu/bin/../libexec/gcc/:/home/soniar/gcc-arm-10.2-2020.11-x86_64-aarch64-none-linux-gnu/bin/../lib/gcc/aarch64-none-linux-gnu/10.2.1/../../../../aarch64-none-linux-gnu/bin/
LIBRARY_PATH=/home/soniar/gcc-arm-10.2-2020.11-x86_64-aarch64-none-linux-gnu/bin/../lib/gcc/aarch64-none-linux-gnu/10.2.1/:/home/soniar/gcc-arm-10.2-2020.11-x86_64-aarch64-none-linux-gnu/bin/../lib/gcc/:/home/soniar/gcc-arm-10.2-2020.11-x86_64-aarch64-none-linux-gnu/bin/../lib/gcc/aarch64-none-linux-gnu/10.2.1/../../../../aarch64-none-linux-gnu/lib/../lib64/:/home/soniar/gcc-arm-10.2-2020.11-x86_64-aarch64-none-linux-gnu/bin/../aarch64-none-linux-gnu/libc/lib/../lib64/:/home/soniar/gcc-arm-10.2-2020.11-x86_64-aarch64-none-linux-gnu/bin/../aarch64-none-linux-gnu/libc/usr/lib/../lib64/:/home/soniar/gcc-arm-10.2-2020.11-x86_64-aarch64-none-linux-gnu/bin/../lib/gcc/aarch64-none-linux-gnu/10.2.1/../../../../aarch64-none-linux-gnu/lib/:/home/soniar/gcc-arm-10.2-2020.11-x86_64-aarch64-none-linux-gnu/bin/../aarch64-none-linux-gnu/libc/lib/:/home/soniar/gcc-arm-10.2-2020.11-x86_64-aarch64-none-linux-gnu/bin/../aarch64-none-linux-gnu/libc/usr/lib/
COLLECT_GCC_OPTIONS='-v' '-o' 'CMakeFiles/cmTC_fb7b0.dir/CMakeCXXCompilerABI.cpp.o' '-c' '-shared-libgcc' '-mlittle-endian' '-mabi=lp64'
Linking CXX executable cmTC_fb7b0
/usr/bin/cmake -E cmake_link_script CMakeFiles/cmTC_fb7b0.dir/link.txt --verbose=1
/home/soniar/gcc-arm-10.2-2020.11-x86_64-aarch64-none-linux-gnu/bin/aarch64-none-linux-gnu-g++  -v -rdynamic CMakeFiles/cmTC_fb7b0.dir/CMakeCXXCompilerABI.cpp.o -o cmTC_fb7b0 
Using built-in specs.
COLLECT_GCC=/home/soniar/gcc-arm-10.2-2020.11-x86_64-aarch64-none-linux-gnu/bin/aarch64-none-linux-gnu-g++
COLLECT_LTO_WRAPPER=/home/soniar/gcc-arm-10.2-2020.11-x86_64-aarch64-none-linux-gnu/bin/../libexec/gcc/aarch64-none-linux-gnu/10.2.1/lto-wrapper
Target: aarch64-none-linux-gnu
Configured with: /tmp/dgboter/bbs/build04--cen7x86_64/buildbot/cen7x86_64--aarch64-none-linux-gnu/build/src/gcc/configure --target=aarch64-none-linux-gnu --prefix= --with-sysroot=/aarch64-none-linux-gnu/libc --with-build-sysroot=/tmp/dgboter/bbs/build04--cen7x86_64/buildbot/cen7x86_64--aarch64-none-linux-gnu/build/build-aarch64-none-linux-gnu/install//aarch64-none-linux-gnu/libc --with-bugurl=https://bugs.linaro.org/ --enable-gnu-indirect-function --enable-shared --disable-libssp --disable-libmudflap --enable-checking=release --enable-languages=c,c++,fortran --with-gmp=/tmp/dgboter/bbs/build04--cen7x86_64/buildbot/cen7x86_64--aarch64-none-linux-gnu/build/build-aarch64-none-linux-gnu/host-tools --with-mpfr=/tmp/dgboter/bbs/build04--cen7x86_64/buildbot/cen7x86_64--aarch64-none-linux-gnu/build/build-aarch64-none-linux-gnu/host-tools --with-mpc=/tmp/dgboter/bbs/build04--cen7x86_64/buildbot/cen7x86_64--aarch64-none-linux-gnu/build/build-aarch64-none-linux-gnu/host-tools --with-isl=/tmp/dgboter/bbs/build04--cen7x86_64/buildbot/cen7x86_64--aarch64-none-linux-gnu/build/build-aarch64-none-linux-gnu/host-tools --enable-fix-cortex-a53-843419 --with-pkgversion='GNU Toolchain for the A-profile Architecture 10.2-2020.11 (arm-10.16)'
Thread model: posix
Supported LTO compression algorithms: zlib
gcc version 10.2.1 20201103 (GNU Toolchain for the A-profile Architecture 10.2-2020.11 (arm-10.16)) 
COMPILER_PATH=/home/soniar/gcc-arm-10.2-2020.11-x86_64-aarch64-none-linux-gnu/bin/../libexec/gcc/aarch64-none-linux-gnu/10.2.1/:/home/soniar/gcc-arm-10.2-2020.11-x86_64-aarch64-none-linux-gnu/bin/../libexec/gcc/:/home/soniar/gcc-arm-10.2-2020.11-x86_64-aarch64-none-linux-gnu/bin/../lib/gcc/aarch64-none-linux-gnu/10.2.1/../../../../aarch64-none-linux-gnu/bin/
LIBRARY_PATH=/home/soniar/gcc-arm-10.2-2020.11-x86_64-aarch64-none-linux-gnu/bin/../lib/gcc/aarch64-none-linux-gnu/10.2.1/:/home/soniar/gcc-arm-10.2-2020.11-x86_64-aarch64-none-linux-gnu/bin/../lib/gcc/:/home/soniar/gcc-arm-10.2-2020.11-x86_64-aarch64-none-linux-gnu/bin/../lib/gcc/aarch64-none-linux-gnu/10.2.1/../../../../aarch64-none-linux-gnu/lib/../lib64/:/home/soniar/gcc-arm-10.2-2020.11-x86_64-aarch64-none-linux-gnu/bin/../aarch64-none-linux-gnu/libc/lib/../lib64/:/home/soniar/gcc-arm-10.2-2020.11-x86_64-aarch64-none-linux-gnu/bin/../aarch64-none-linux-gnu/libc/usr/lib/../lib64/:/home/soniar/gcc-arm-10.2-2020.11-x86_64-aarch64-none-linux-gnu/bin/../lib/gcc/aarch64-none-linux-gnu/10.2.1/../../../../aarch64-none-linux-gnu/lib/:/home/soniar/gcc-arm-10.2-2020.11-x86_64-aarch64-none-linux-gnu/bin/../aarch64-none-linux-gnu/libc/lib/:/home/soniar/gcc-arm-10.2-2020.11-x86_64-aarch64-none-linux-gnu/bin/../aarch64-none-linux-gnu/libc/usr/lib/
COLLECT_GCC_OPTIONS='-v' '-rdynamic' '-o' 'cmTC_fb7b0' '-shared-libgcc' '-mlittle-endian' '-mabi=lp64'
 /home/soniar/gcc-arm-10.2-2020.11-x86_64-aarch64-none-linux-gnu/bin/../libexec/gcc/aarch64-none-linux-gnu/10.2.1/collect2 -plugin /home/soniar/gcc-arm-10.2-2020.11-x86_64-aarch64-none-linux-gnu/bin/../libexec/gcc/aarch64-none-linux-gnu/10.2.1/liblto_plugin.so -plugin-opt=/home/soniar/gcc-arm-10.2-2020.11-x86_64-aarch64-none-linux-gnu/bin/../libexec/gcc/aarch64-none-linux-gnu/10.2.1/lto-wrapper -plugin-opt=-fresolution=/tmp/ccFmwAbD.res -plugin-opt=-pass-through=-lgcc_s -plugin-opt=-pass-through=-lgcc -plugin-opt=-pass-through=-lc -plugin-opt=-pass-through=-lgcc_s -plugin-opt=-pass-through=-lgcc --sysroot=/home/soniar/gcc-arm-10.2-2020.11-x86_64-aarch64-none-linux-gnu/bin/../aarch64-none-linux-gnu/libc --eh-frame-hdr -export-dynamic -dynamic-linker /lib/ld-linux-aarch64.so.1 -X -EL -maarch64linux --fix-cortex-a53-843419 -o cmTC_fb7b0 /home/soniar/gcc-arm-10.2-2020.11-x86_64-aarch64-none-linux-gnu/bin/../aarch64-none-linux-gnu/libc/usr/lib/../lib64/crt1.o /home/soniar/gcc-arm-10.2-2020.11-x86_64-aarch64-none-linux-gnu/bin/../aarch64-none-linux-gnu/libc/usr/lib/../lib64/crti.o /home/soniar/gcc-arm-10.2-2020.11-x86_64-aarch64-none-linux-gnu/bin/../lib/gcc/aarch64-none-linux-gnu/10.2.1/crtbegin.o -L/home/soniar/gcc-arm-10.2-2020.11-x86_64-aarch64-none-linux-gnu/bin/../lib/gcc/aarch64-none-linux-gnu/10.2.1 -L/home/soniar/gcc-arm-10.2-2020.11-x86_64-aarch64-none-linux-gnu/bin/../lib/gcc -L/home/soniar/gcc-arm-10.2-2020.11-x86_64-aarch64-none-linux-gnu/bin/../lib/gcc/aarch64-none-linux-gnu/10.2.1/../../../../aarch64-none-linux-gnu/lib/../lib64 -L/home/soniar/gcc-arm-10.2-2020.11-x86_64-aarch64-none-linux-gnu/bin/../aarch64-none-linux-gnu/libc/lib/../lib64 -L/home/soniar/gcc-arm-10.2-2020.11-x86_64-aarch64-none-linux-gnu/bin/../aarch64-none-linux-gnu/libc/usr/lib/../lib64 -L/home/soniar/gcc-arm-10.2-2020.11-x86_64-aarch64-none-linux-gnu/bin/../lib/gcc/aarch64-none-linux-gnu/10.2.1/../../../../aarch64-none-linux-gnu/lib -L/home/soniar/gcc-arm-10.2-2020.11-x86_64-aarch64-none-linux-gnu/bin/../aarch64-none-linux-gnu/libc/lib -L/home/soniar/gcc-arm-10.2-2020.11-x86_64-aarch64-none-linux-gnu/bin/../aarch64-none-linux-gnu/libc/usr/lib CMakeFiles/cmTC_fb7b0.dir/CMakeCXXCompilerABI.cpp.o -lstdc++ -lm -lgcc_s -lgcc -lc -lgcc_s -lgcc /home/soniar/gcc-arm-10.2-2020.11-x86_64-aarch64-none-linux-gnu/bin/../lib/gcc/aarch64-none-linux-gnu/10.2.1/crtend.o /home/soniar/gcc-arm-10.2-2020.11-x86_64-aarch64-none-linux-gnu/bin/../aarch64-none-linux-gnu/libc/usr/lib/../lib64/crtn.o
COLLECT_GCC_OPTIONS='-v' '-rdynamic' '-o' 'cmTC_fb7b0' '-shared-libgcc' '-mlittle-endian' '-mabi=lp64'
gmake[1]: Leaving directory '/home/soniar/naiveDarknetNNPACKARMSVE/NNPACK/build1/CMakeFiles/CMakeTmp'



Parsed CXX implicit include dir info from above output: rv=done
  found start of include info
  found start of implicit include info
    add: [/home/soniar/gcc-arm-10.2-2020.11-x86_64-aarch64-none-linux-gnu/bin/../lib/gcc/aarch64-none-linux-gnu/10.2.1/../../../../aarch64-none-linux-gnu/include/c++/10.2.1]
    add: [/home/soniar/gcc-arm-10.2-2020.11-x86_64-aarch64-none-linux-gnu/bin/../lib/gcc/aarch64-none-linux-gnu/10.2.1/../../../../aarch64-none-linux-gnu/include/c++/10.2.1/aarch64-none-linux-gnu]
    add: [/home/soniar/gcc-arm-10.2-2020.11-x86_64-aarch64-none-linux-gnu/bin/../lib/gcc/aarch64-none-linux-gnu/10.2.1/../../../../aarch64-none-linux-gnu/include/c++/10.2.1/backward]
    add: [/home/soniar/gcc-arm-10.2-2020.11-x86_64-aarch64-none-linux-gnu/bin/../lib/gcc/aarch64-none-linux-gnu/10.2.1/include]
    add: [/home/soniar/gcc-arm-10.2-2020.11-x86_64-aarch64-none-linux-gnu/bin/../lib/gcc/aarch64-none-linux-gnu/10.2.1/include-fixed]
    add: [/home/soniar/gcc-arm-10.2-2020.11-x86_64-aarch64-none-linux-gnu/bin/../lib/gcc/aarch64-none-linux-gnu/10.2.1/../../../../aarch64-none-linux-gnu/include]
    add: [/home/soniar/gcc-arm-10.2-2020.11-x86_64-aarch64-none-linux-gnu/bin/../aarch64-none-linux-gnu/libc/usr/include]
  end of search list found
  collapse include dir [/home/soniar/gcc-arm-10.2-2020.11-x86_64-aarch64-none-linux-gnu/bin/../lib/gcc/aarch64-none-linux-gnu/10.2.1/../../../../aarch64-none-linux-gnu/include/c++/10.2.1] ==> [/home/soniar/gcc-arm-10.2-2020.11-x86_64-aarch64-none-linux-gnu/aarch64-none-linux-gnu/include/c++/10.2.1]
  collapse include dir [/home/soniar/gcc-arm-10.2-2020.11-x86_64-aarch64-none-linux-gnu/bin/../lib/gcc/aarch64-none-linux-gnu/10.2.1/../../../../aarch64-none-linux-gnu/include/c++/10.2.1/aarch64-none-linux-gnu] ==> [/home/soniar/gcc-arm-10.2-2020.11-x86_64-aarch64-none-linux-gnu/aarch64-none-linux-gnu/include/c++/10.2.1/aarch64-none-linux-gnu]
  collapse include dir [/home/soniar/gcc-arm-10.2-2020.11-x86_64-aarch64-none-linux-gnu/bin/../lib/gcc/aarch64-none-linux-gnu/10.2.1/../../../../aarch64-none-linux-gnu/include/c++/10.2.1/backward] ==> [/home/soniar/gcc-arm-10.2-2020.11-x86_64-aarch64-none-linux-gnu/aarch64-none-linux-gnu/include/c++/10.2.1/backward]
  collapse include dir [/home/soniar/gcc-arm-10.2-2020.11-x86_64-aarch64-none-linux-gnu/bin/../lib/gcc/aarch64-none-linux-gnu/10.2.1/include] ==> [/home/soniar/gcc-arm-10.2-2020.11-x86_64-aarch64-none-linux-gnu/lib/gcc/aarch64-none-linux-gnu/10.2.1/include]
  collapse include dir [/home/soniar/gcc-arm-10.2-2020.11-x86_64-aarch64-none-linux-gnu/bin/../lib/gcc/aarch64-none-linux-gnu/10.2.1/include-fixed] ==> [/home/soniar/gcc-arm-10.2-2020.11-x86_64-aarch64-none-linux-gnu/lib/gcc/aarch64-none-linux-gnu/10.2.1/include-fixed]
  collapse include dir [/home/soniar/gcc-arm-10.2-2020.11-x86_64-aarch64-none-linux-gnu/bin/../lib/gcc/aarch64-none-linux-gnu/10.2.1/../../../../aarch64-none-linux-gnu/include] ==> [/home/soniar/gcc-arm-10.2-2020.11-x86_64-aarch64-none-linux-gnu/aarch64-none-linux-gnu/include]
  collapse include dir [/home/soniar/gcc-arm-10.2-2020.11-x86_64-aarch64-none-linux-gnu/bin/../aarch64-none-linux-gnu/libc/usr/include] ==> [/home/soniar/gcc-arm-10.2-2020.11-x86_64-aarch64-none-linux-gnu/aarch64-none-linux-gnu/libc/usr/include]
  implicit include dirs: [/home/soniar/gcc-arm-10.2-2020.11-x86_64-aarch64-none-linux-gnu/aarch64-none-linux-gnu/include/c++/10.2.1;/home/soniar/gcc-arm-10.2-2020.11-x86_64-aarch64-none-linux-gnu/aarch64-none-linux-gnu/include/c++/10.2.1/aarch64-none-linux-gnu;/home/soniar/gcc-arm-10.2-2020.11-x86_64-aarch64-none-linux-gnu/aarch64-none-linux-gnu/include/c++/10.2.1/backward;/home/soniar/gcc-arm-10.2-2020.11-x86_64-aarch64-none-linux-gnu/lib/gcc/aarch64-none-linux-gnu/10.2.1/include;/home/soniar/gcc-arm-10.2-2020.11-x86_64-aarch64-none-linux-gnu/lib/gcc/aarch64-none-linux-gnu/10.2.1/include-fixed;/home/soniar/gcc-arm-10.2-2020.11-x86_64-aarch64-none-linux-gnu/aarch64-none-linux-gnu/include;/home/soniar/gcc-arm-10.2-2020.11-x86_64-aarch64-none-linux-gnu/aarch64-none-linux-gnu/libc/usr/include]


Parsed CXX implicit link information from above output:
  link line regex: [^( *|.*[/\])(aarch64-none-linux-gnu-ld|CMAKE_LINK_STARTFILE-NOTFOUND|([^/\]+-)?ld|collect2)[^/\]*( |$)]
  ignore line: [Change Dir: /home/soniar/naiveDarknetNNPACKARMSVE/NNPACK/build1/CMakeFiles/CMakeTmp]
  ignore line: []
  ignore line: [Run Build Command(s):/usr/bin/gmake -f Makefile cmTC_fb7b0/fast && /usr/bin/gmake  -f CMakeFiles/cmTC_fb7b0.dir/build.make CMakeFiles/cmTC_fb7b0.dir/build]
  ignore line: [gmake[1]: Entering directory '/home/soniar/naiveDarknetNNPACKARMSVE/NNPACK/build1/CMakeFiles/CMakeTmp']
  ignore line: [Building CXX object CMakeFiles/cmTC_fb7b0.dir/CMakeCXXCompilerABI.cpp.o]
  ignore line: [/home/soniar/gcc-arm-10.2-2020.11-x86_64-aarch64-none-linux-gnu/bin/aarch64-none-linux-gnu-g++   -v -o CMakeFiles/cmTC_fb7b0.dir/CMakeCXXCompilerABI.cpp.o -c /usr/share/cmake-3.22/Modules/CMakeCXXCompilerABI.cpp]
  ignore line: [Using built-in specs.]
  ignore line: [COLLECT_GCC=/home/soniar/gcc-arm-10.2-2020.11-x86_64-aarch64-none-linux-gnu/bin/aarch64-none-linux-gnu-g++]
  ignore line: [Target: aarch64-none-linux-gnu]
  ignore line: [Configured with: /tmp/dgboter/bbs/build04--cen7x86_64/buildbot/cen7x86_64--aarch64-none-linux-gnu/build/src/gcc/configure --target=aarch64-none-linux-gnu --prefix= --with-sysroot=/aarch64-none-linux-gnu/libc --with-build-sysroot=/tmp/dgboter/bbs/build04--cen7x86_64/buildbot/cen7x86_64--aarch64-none-linux-gnu/build/build-aarch64-none-linux-gnu/install//aarch64-none-linux-gnu/libc --with-bugurl=https://bugs.linaro.org/ --enable-gnu-indirect-function --enable-shared --disable-libssp --disable-libmudflap --enable-checking=release --enable-languages=c c++ fortran --with-gmp=/tmp/dgboter/bbs/build04--cen7x86_64/buildbot/cen7x86_64--aarch64-none-linux-gnu/build/build-aarch64-none-linux-gnu/host-tools --with-mpfr=/tmp/dgboter/bbs/build04--cen7x86_64/buildbot/cen7x86_64--aarch64-none-linux-gnu/build/build-aarch64-none-linux-gnu/host-tools --with-mpc=/tmp/dgboter/bbs/build04--cen7x86_64/buildbot/cen7x86_64--aarch64-none-linux-gnu/build/build-aarch64-none-linux-gnu/host-tools --with-isl=/tmp/dgboter/bbs/build04--cen7x86_64/buildbot/cen7x86_64--aarch64-none-linux-gnu/build/build-aarch64-none-linux-gnu/host-tools --enable-fix-cortex-a53-843419 --with-pkgversion='GNU Toolchain for the A-profile Architecture 10.2-2020.11 (arm-10.16)']
  ignore line: [Thread model: posix]
  ignore line: [Supported LTO compression algorithms: zlib]
  ignore line: [gcc version 10.2.1 20201103 (GNU Toolchain for the A-profile Architecture 10.2-2020.11 (arm-10.16)) ]
  ignore line: [COLLECT_GCC_OPTIONS='-v' '-o' 'CMakeFiles/cmTC_fb7b0.dir/CMakeCXXCompilerABI.cpp.o' '-c' '-shared-libgcc' '-mlittle-endian' '-mabi=lp64']
  ignore line: [ /home/soniar/gcc-arm-10.2-2020.11-x86_64-aarch64-none-linux-gnu/bin/../libexec/gcc/aarch64-none-linux-gnu/10.2.1/cc1plus -quiet -v -iprefix /home/soniar/gcc-arm-10.2-2020.11-x86_64-aarch64-none-linux-gnu/bin/../lib/gcc/aarch64-none-linux-gnu/10.2.1/ -isysroot /home/soniar/gcc-arm-10.2-2020.11-x86_64-aarch64-none-linux-gnu/bin/../aarch64-none-linux-gnu/libc -D_GNU_SOURCE /usr/share/cmake-3.22/Modules/CMakeCXXCompilerABI.cpp -quiet -dumpbase CMakeCXXCompilerABI.cpp -mlittle-endian -mabi=lp64 -auxbase-strip CMakeFiles/cmTC_fb7b0.dir/CMakeCXXCompilerABI.cpp.o -version -o /tmp/ccyiQUmR.s]
  ignore line: [GNU C++14 (GNU Toolchain for the A-profile Architecture 10.2-2020.11 (arm-10.16)) version 10.2.1 20201103 (aarch64-none-linux-gnu)]
  ignore line: [	compiled by GNU C version 4.8.5 20150623 (Red Hat 4.8.5-39)  GMP version 4.3.2  MPFR version 3.1.6  MPC version 1.0.3  isl version isl-0.15-1-g835ea3a-GMP]
  ignore line: []
  ignore line: [GGC heuristics: --param ggc-min-expand=100 --param ggc-min-heapsize=131072]
  ignore line: [ignoring duplicate directory "/home/soniar/gcc-arm-10.2-2020.11-x86_64-aarch64-none-linux-gnu/bin/../lib/gcc/../../lib/gcc/aarch64-none-linux-gnu/10.2.1/../../../../aarch64-none-linux-gnu/include/c++/10.2.1"]
  ignore line: [ignoring duplicate directory "/home/soniar/gcc-arm-10.2-2020.11-x86_64-aarch64-none-linux-gnu/bin/../lib/gcc/../../lib/gcc/aarch64-none-linux-gnu/10.2.1/../../../../aarch64-none-linux-gnu/include/c++/10.2.1/aarch64-none-linux-gnu"]
  ignore line: [ignoring duplicate directory "/home/soniar/gcc-arm-10.2-2020.11-x86_64-aarch64-none-linux-gnu/bin/../lib/gcc/../../lib/gcc/aarch64-none-linux-gnu/10.2.1/../../../../aarch64-none-linux-gnu/include/c++/10.2.1/backward"]
  ignore line: [ignoring duplicate directory "/home/soniar/gcc-arm-10.2-2020.11-x86_64-aarch64-none-linux-gnu/bin/../lib/gcc/../../lib/gcc/aarch64-none-linux-gnu/10.2.1/include"]
  ignore line: [ignoring nonexistent directory "/home/soniar/gcc-arm-10.2-2020.11-x86_64-aarch64-none-linux-gnu/bin/../aarch64-none-linux-gnu/libc/usr/local/include"]
  ignore line: [ignoring duplicate directory "/home/soniar/gcc-arm-10.2-2020.11-x86_64-aarch64-none-linux-gnu/bin/../lib/gcc/../../lib/gcc/aarch64-none-linux-gnu/10.2.1/include-fixed"]
  ignore line: [ignoring duplicate directory "/home/soniar/gcc-arm-10.2-2020.11-x86_64-aarch64-none-linux-gnu/bin/../lib/gcc/../../lib/gcc/aarch64-none-linux-gnu/10.2.1/../../../../aarch64-none-linux-gnu/include"]
  ignore line: [#include "..." search starts here:]
  ignore line: [#include <...> search starts here:]
  ignore line: [ /home/soniar/gcc-arm-10.2-2020.11-x86_64-aarch64-none-linux-gnu/bin/../lib/gcc/aarch64-none-linux-gnu/10.2.1/../../../../aarch64-none-linux-gnu/include/c++/10.2.1]
  ignore line: [ /home/soniar/gcc-arm-10.2-2020.11-x86_64-aarch64-none-linux-gnu/bin/../lib/gcc/aarch64-none-linux-gnu/10.2.1/../../../../aarch64-none-linux-gnu/include/c++/10.2.1/aarch64-none-linux-gnu]
  ignore line: [ /home/soniar/gcc-arm-10.2-2020.11-x86_64-aarch64-none-linux-gnu/bin/../lib/gcc/aarch64-none-linux-gnu/10.2.1/../../../../aarch64-none-linux-gnu/include/c++/10.2.1/backward]
  ignore line: [ /home/soniar/gcc-arm-10.2-2020.11-x86_64-aarch64-none-linux-gnu/bin/../lib/gcc/aarch64-none-linux-gnu/10.2.1/include]
  ignore line: [ /home/soniar/gcc-arm-10.2-2020.11-x86_64-aarch64-none-linux-gnu/bin/../lib/gcc/aarch64-none-linux-gnu/10.2.1/include-fixed]
  ignore line: [ /home/soniar/gcc-arm-10.2-2020.11-x86_64-aarch64-none-linux-gnu/bin/../lib/gcc/aarch64-none-linux-gnu/10.2.1/../../../../aarch64-none-linux-gnu/include]
  ignore line: [ /home/soniar/gcc-arm-10.2-2020.11-x86_64-aarch64-none-linux-gnu/bin/../aarch64-none-linux-gnu/libc/usr/include]
  ignore line: [End of search list.]
  ignore line: [GNU C++14 (GNU Toolchain for the A-profile Architecture 10.2-2020.11 (arm-10.16)) version 10.2.1 20201103 (aarch64-none-linux-gnu)]
  ignore line: [	compiled by GNU C version 4.8.5 20150623 (Red Hat 4.8.5-39)  GMP version 4.3.2  MPFR version 3.1.6  MPC version 1.0.3  isl version isl-0.15-1-g835ea3a-GMP]
  ignore line: []
  ignore line: [GGC heuristics: --param ggc-min-expand=100 --param ggc-min-heapsize=131072]
  ignore line: [Compiler executable checksum: 936eda7bb9362af3c69a17a4200d3282]
  ignore line: [COLLECT_GCC_OPTIONS='-v' '-o' 'CMakeFiles/cmTC_fb7b0.dir/CMakeCXXCompilerABI.cpp.o' '-c' '-shared-libgcc' '-mlittle-endian' '-mabi=lp64']
  ignore line: [ /home/soniar/gcc-arm-10.2-2020.11-x86_64-aarch64-none-linux-gnu/bin/../lib/gcc/aarch64-none-linux-gnu/10.2.1/../../../../aarch64-none-linux-gnu/bin/as -v -EL -mabi=lp64 -o CMakeFiles/cmTC_fb7b0.dir/CMakeCXXCompilerABI.cpp.o /tmp/ccyiQUmR.s]
  ignore line: [GNU assembler version 2.35.1 (aarch64-none-linux-gnu) using BFD version (GNU Toolchain for the A-profile Architecture 10.2-2020.11 (arm-10.16)) 2.35.1.20201028]
  ignore line: [COMPILER_PATH=/home/soniar/gcc-arm-10.2-2020.11-x86_64-aarch64-none-linux-gnu/bin/../libexec/gcc/aarch64-none-linux-gnu/10.2.1/:/home/soniar/gcc-arm-10.2-2020.11-x86_64-aarch64-none-linux-gnu/bin/../libexec/gcc/:/home/soniar/gcc-arm-10.2-2020.11-x86_64-aarch64-none-linux-gnu/bin/../lib/gcc/aarch64-none-linux-gnu/10.2.1/../../../../aarch64-none-linux-gnu/bin/]
  ignore line: [LIBRARY_PATH=/home/soniar/gcc-arm-10.2-2020.11-x86_64-aarch64-none-linux-gnu/bin/../lib/gcc/aarch64-none-linux-gnu/10.2.1/:/home/soniar/gcc-arm-10.2-2020.11-x86_64-aarch64-none-linux-gnu/bin/../lib/gcc/:/home/soniar/gcc-arm-10.2-2020.11-x86_64-aarch64-none-linux-gnu/bin/../lib/gcc/aarch64-none-linux-gnu/10.2.1/../../../../aarch64-none-linux-gnu/lib/../lib64/:/home/soniar/gcc-arm-10.2-2020.11-x86_64-aarch64-none-linux-gnu/bin/../aarch64-none-linux-gnu/libc/lib/../lib64/:/home/soniar/gcc-arm-10.2-2020.11-x86_64-aarch64-none-linux-gnu/bin/../aarch64-none-linux-gnu/libc/usr/lib/../lib64/:/home/soniar/gcc-arm-10.2-2020.11-x86_64-aarch64-none-linux-gnu/bin/../lib/gcc/aarch64-none-linux-gnu/10.2.1/../../../../aarch64-none-linux-gnu/lib/:/home/soniar/gcc-arm-10.2-2020.11-x86_64-aarch64-none-linux-gnu/bin/../aarch64-none-linux-gnu/libc/lib/:/home/soniar/gcc-arm-10.2-2020.11-x86_64-aarch64-none-linux-gnu/bin/../aarch64-none-linux-gnu/libc/usr/lib/]
  ignore line: [COLLECT_GCC_OPTIONS='-v' '-o' 'CMakeFiles/cmTC_fb7b0.dir/CMakeCXXCompilerABI.cpp.o' '-c' '-shared-libgcc' '-mlittle-endian' '-mabi=lp64']
  ignore line: [Linking CXX executable cmTC_fb7b0]
  ignore line: [/usr/bin/cmake -E cmake_link_script CMakeFiles/cmTC_fb7b0.dir/link.txt --verbose=1]
  ignore line: [/home/soniar/gcc-arm-10.2-2020.11-x86_64-aarch64-none-linux-gnu/bin/aarch64-none-linux-gnu-g++  -v -rdynamic CMakeFiles/cmTC_fb7b0.dir/CMakeCXXCompilerABI.cpp.o -o cmTC_fb7b0 ]
  ignore line: [Using built-in specs.]
  ignore line: [COLLECT_GCC=/home/soniar/gcc-arm-10.2-2020.11-x86_64-aarch64-none-linux-gnu/bin/aarch64-none-linux-gnu-g++]
  ignore line: [COLLECT_LTO_WRAPPER=/home/soniar/gcc-arm-10.2-2020.11-x86_64-aarch64-none-linux-gnu/bin/../libexec/gcc/aarch64-none-linux-gnu/10.2.1/lto-wrapper]
  ignore line: [Target: aarch64-none-linux-gnu]
  ignore line: [Configured with: /tmp/dgboter/bbs/build04--cen7x86_64/buildbot/cen7x86_64--aarch64-none-linux-gnu/build/src/gcc/configure --target=aarch64-none-linux-gnu --prefix= --with-sysroot=/aarch64-none-linux-gnu/libc --with-build-sysroot=/tmp/dgboter/bbs/build04--cen7x86_64/buildbot/cen7x86_64--aarch64-none-linux-gnu/build/build-aarch64-none-linux-gnu/install//aarch64-none-linux-gnu/libc --with-bugurl=https://bugs.linaro.org/ --enable-gnu-indirect-function --enable-shared --disable-libssp --disable-libmudflap --enable-checking=release --enable-languages=c c++ fortran --with-gmp=/tmp/dgboter/bbs/build04--cen7x86_64/buildbot/cen7x86_64--aarch64-none-linux-gnu/build/build-aarch64-none-linux-gnu/host-tools --with-mpfr=/tmp/dgboter/bbs/build04--cen7x86_64/buildbot/cen7x86_64--aarch64-none-linux-gnu/build/build-aarch64-none-linux-gnu/host-tools --with-mpc=/tmp/dgboter/bbs/build04--cen7x86_64/buildbot/cen7x86_64--aarch64-none-linux-gnu/build/build-aarch64-none-linux-gnu/host-tools --with-isl=/tmp/dgboter/bbs/build04--cen7x86_64/buildbot/cen7x86_64--aarch64-none-linux-gnu/build/build-aarch64-none-linux-gnu/host-tools --enable-fix-cortex-a53-843419 --with-pkgversion='GNU Toolchain for the A-profile Architecture 10.2-2020.11 (arm-10.16)']
  ignore line: [Thread model: posix]
  ignore line: [Supported LTO compression algorithms: zlib]
  ignore line: [gcc version 10.2.1 20201103 (GNU Toolchain for the A-profile Architecture 10.2-2020.11 (arm-10.16)) ]
  ignore line: [COMPILER_PATH=/home/soniar/gcc-arm-10.2-2020.11-x86_64-aarch64-none-linux-gnu/bin/../libexec/gcc/aarch64-none-linux-gnu/10.2.1/:/home/soniar/gcc-arm-10.2-2020.11-x86_64-aarch64-none-linux-gnu/bin/../libexec/gcc/:/home/soniar/gcc-arm-10.2-2020.11-x86_64-aarch64-none-linux-gnu/bin/../lib/gcc/aarch64-none-linux-gnu/10.2.1/../../../../aarch64-none-linux-gnu/bin/]
  ignore line: [LIBRARY_PATH=/home/soniar/gcc-arm-10.2-2020.11-x86_64-aarch64-none-linux-gnu/bin/../lib/gcc/aarch64-none-linux-gnu/10.2.1/:/home/soniar/gcc-arm-10.2-2020.11-x86_64-aarch64-none-linux-gnu/bin/../lib/gcc/:/home/soniar/gcc-arm-10.2-2020.11-x86_64-aarch64-none-linux-gnu/bin/../lib/gcc/aarch64-none-linux-gnu/10.2.1/../../../../aarch64-none-linux-gnu/lib/../lib64/:/home/soniar/gcc-arm-10.2-2020.11-x86_64-aarch64-none-linux-gnu/bin/../aarch64-none-linux-gnu/libc/lib/../lib64/:/home/soniar/gcc-arm-10.2-2020.11-x86_64-aarch64-none-linux-gnu/bin/../aarch64-none-linux-gnu/libc/usr/lib/../lib64/:/home/soniar/gcc-arm-10.2-2020.11-x86_64-aarch64-none-linux-gnu/bin/../lib/gcc/aarch64-none-linux-gnu/10.2.1/../../../../aarch64-none-linux-gnu/lib/:/home/soniar/gcc-arm-10.2-2020.11-x86_64-aarch64-none-linux-gnu/bin/../aarch64-none-linux-gnu/libc/lib/:/home/soniar/gcc-arm-10.2-2020.11-x86_64-aarch64-none-linux-gnu/bin/../aarch64-none-linux-gnu/libc/usr/lib/]
  ignore line: [COLLECT_GCC_OPTIONS='-v' '-rdynamic' '-o' 'cmTC_fb7b0' '-shared-libgcc' '-mlittle-endian' '-mabi=lp64']
  link line: [ /home/soniar/gcc-arm-10.2-2020.11-x86_64-aarch64-none-linux-gnu/bin/../libexec/gcc/aarch64-none-linux-gnu/10.2.1/collect2 -plugin /home/soniar/gcc-arm-10.2-2020.11-x86_64-aarch64-none-linux-gnu/bin/../libexec/gcc/aarch64-none-linux-gnu/10.2.1/liblto_plugin.so -plugin-opt=/home/soniar/gcc-arm-10.2-2020.11-x86_64-aarch64-none-linux-gnu/bin/../libexec/gcc/aarch64-none-linux-gnu/10.2.1/lto-wrapper -plugin-opt=-fresolution=/tmp/ccFmwAbD.res -plugin-opt=-pass-through=-lgcc_s -plugin-opt=-pass-through=-lgcc -plugin-opt=-pass-through=-lc -plugin-opt=-pass-through=-lgcc_s -plugin-opt=-pass-through=-lgcc --sysroot=/home/soniar/gcc-arm-10.2-2020.11-x86_64-aarch64-none-linux-gnu/bin/../aarch64-none-linux-gnu/libc --eh-frame-hdr -export-dynamic -dynamic-linker /lib/ld-linux-aarch64.so.1 -X -EL -maarch64linux --fix-cortex-a53-843419 -o cmTC_fb7b0 /home/soniar/gcc-arm-10.2-2020.11-x86_64-aarch64-none-linux-gnu/bin/../aarch64-none-linux-gnu/libc/usr/lib/../lib64/crt1.o /home/soniar/gcc-arm-10.2-2020.11-x86_64-aarch64-none-linux-gnu/bin/../aarch64-none-linux-gnu/libc/usr/lib/../lib64/crti.o /home/soniar/gcc-arm-10.2-2020.11-x86_64-aarch64-none-linux-gnu/bin/../lib/gcc/aarch64-none-linux-gnu/10.2.1/crtbegin.o -L/home/soniar/gcc-arm-10.2-2020.11-x86_64-aarch64-none-linux-gnu/bin/../lib/gcc/aarch64-none-linux-gnu/10.2.1 -L/home/soniar/gcc-arm-10.2-2020.11-x86_64-aarch64-none-linux-gnu/bin/../lib/gcc -L/home/soniar/gcc-arm-10.2-2020.11-x86_64-aarch64-none-linux-gnu/bin/../lib/gcc/aarch64-none-linux-gnu/10.2.1/../../../../aarch64-none-linux-gnu/lib/../lib64 -L/home/soniar/gcc-arm-10.2-2020.11-x86_64-aarch64-none-linux-gnu/bin/../aarch64-none-linux-gnu/libc/lib/../lib64 -L/home/soniar/gcc-arm-10.2-2020.11-x86_64-aarch64-none-linux-gnu/bin/../aarch64-none-linux-gnu/libc/usr/lib/../lib64 -L/home/soniar/gcc-arm-10.2-2020.11-x86_64-aarch64-none-linux-gnu/bin/../lib/gcc/aarch64-none-linux-gnu/10.2.1/../../../../aarch64-none-linux-gnu/lib -L/home/soniar/gcc-arm-10.2-2020.11-x86_64-aarch64-none-linux-gnu/bin/../aarch64-none-linux-gnu/libc/lib -L/home/soniar/gcc-arm-10.2-2020.11-x86_64-aarch64-none-linux-gnu/bin/../aarch64-none-linux-gnu/libc/usr/lib CMakeFiles/cmTC_fb7b0.dir/CMakeCXXCompilerABI.cpp.o -lstdc++ -lm -lgcc_s -lgcc -lc -lgcc_s -lgcc /home/soniar/gcc-arm-10.2-2020.11-x86_64-aarch64-none-linux-gnu/bin/../lib/gcc/aarch64-none-linux-gnu/10.2.1/crtend.o /home/soniar/gcc-arm-10.2-2020.11-x86_64-aarch64-none-linux-gnu/bin/../aarch64-none-linux-gnu/libc/usr/lib/../lib64/crtn.o]
    arg [/home/soniar/gcc-arm-10.2-2020.11-x86_64-aarch64-none-linux-gnu/bin/../libexec/gcc/aarch64-none-linux-gnu/10.2.1/collect2] ==> ignore
    arg [-plugin] ==> ignore
    arg [/home/soniar/gcc-arm-10.2-2020.11-x86_64-aarch64-none-linux-gnu/bin/../libexec/gcc/aarch64-none-linux-gnu/10.2.1/liblto_plugin.so] ==> ignore
    arg [-plugin-opt=/home/soniar/gcc-arm-10.2-2020.11-x86_64-aarch64-none-linux-gnu/bin/../libexec/gcc/aarch64-none-linux-gnu/10.2.1/lto-wrapper] ==> ignore
    arg [-plugin-opt=-fresolution=/tmp/ccFmwAbD.res] ==> ignore
    arg [-plugin-opt=-pass-through=-lgcc_s] ==> ignore
    arg [-plugin-opt=-pass-through=-lgcc] ==> ignore
    arg [-plugin-opt=-pass-through=-lc] ==> ignore
    arg [-plugin-opt=-pass-through=-lgcc_s] ==> ignore
    arg [-plugin-opt=-pass-through=-lgcc] ==> ignore
    arg [--sysroot=/home/soniar/gcc-arm-10.2-2020.11-x86_64-aarch64-none-linux-gnu/bin/../aarch64-none-linux-gnu/libc] ==> ignore
    arg [--eh-frame-hdr] ==> ignore
    arg [-export-dynamic] ==> ignore
    arg [-dynamic-linker] ==> ignore
    arg [/lib/ld-linux-aarch64.so.1] ==> ignore
    arg [-X] ==> ignore
    arg [-EL] ==> ignore
    arg [-maarch64linux] ==> ignore
    arg [--fix-cortex-a53-843419] ==> ignore
    arg [-o] ==> ignore
    arg [cmTC_fb7b0] ==> ignore
    arg [/home/soniar/gcc-arm-10.2-2020.11-x86_64-aarch64-none-linux-gnu/bin/../aarch64-none-linux-gnu/libc/usr/lib/../lib64/crt1.o] ==> obj [/home/soniar/gcc-arm-10.2-2020.11-x86_64-aarch64-none-linux-gnu/bin/../aarch64-none-linux-gnu/libc/usr/lib/../lib64/crt1.o]
    arg [/home/soniar/gcc-arm-10.2-2020.11-x86_64-aarch64-none-linux-gnu/bin/../aarch64-none-linux-gnu/libc/usr/lib/../lib64/crti.o] ==> obj [/home/soniar/gcc-arm-10.2-2020.11-x86_64-aarch64-none-linux-gnu/bin/../aarch64-none-linux-gnu/libc/usr/lib/../lib64/crti.o]
    arg [/home/soniar/gcc-arm-10.2-2020.11-x86_64-aarch64-none-linux-gnu/bin/../lib/gcc/aarch64-none-linux-gnu/10.2.1/crtbegin.o] ==> obj [/home/soniar/gcc-arm-10.2-2020.11-x86_64-aarch64-none-linux-gnu/bin/../lib/gcc/aarch64-none-linux-gnu/10.2.1/crtbegin.o]
    arg [-L/home/soniar/gcc-arm-10.2-2020.11-x86_64-aarch64-none-linux-gnu/bin/../lib/gcc/aarch64-none-linux-gnu/10.2.1] ==> dir [/home/soniar/gcc-arm-10.2-2020.11-x86_64-aarch64-none-linux-gnu/bin/../lib/gcc/aarch64-none-linux-gnu/10.2.1]
    arg [-L/home/soniar/gcc-arm-10.2-2020.11-x86_64-aarch64-none-linux-gnu/bin/../lib/gcc] ==> dir [/home/soniar/gcc-arm-10.2-2020.11-x86_64-aarch64-none-linux-gnu/bin/../lib/gcc]
    arg [-L/home/soniar/gcc-arm-10.2-2020.11-x86_64-aarch64-none-linux-gnu/bin/../lib/gcc/aarch64-none-linux-gnu/10.2.1/../../../../aarch64-none-linux-gnu/lib/../lib64] ==> dir [/home/soniar/gcc-arm-10.2-2020.11-x86_64-aarch64-none-linux-gnu/bin/../lib/gcc/aarch64-none-linux-gnu/10.2.1/../../../../aarch64-none-linux-gnu/lib/../lib64]
    arg [-L/home/soniar/gcc-arm-10.2-2020.11-x86_64-aarch64-none-linux-gnu/bin/../aarch64-none-linux-gnu/libc/lib/../lib64] ==> dir [/home/soniar/gcc-arm-10.2-2020.11-x86_64-aarch64-none-linux-gnu/bin/../aarch64-none-linux-gnu/libc/lib/../lib64]
    arg [-L/home/soniar/gcc-arm-10.2-2020.11-x86_64-aarch64-none-linux-gnu/bin/../aarch64-none-linux-gnu/libc/usr/lib/../lib64] ==> dir [/home/soniar/gcc-arm-10.2-2020.11-x86_64-aarch64-none-linux-gnu/bin/../aarch64-none-linux-gnu/libc/usr/lib/../lib64]
    arg [-L/home/soniar/gcc-arm-10.2-2020.11-x86_64-aarch64-none-linux-gnu/bin/../lib/gcc/aarch64-none-linux-gnu/10.2.1/../../../../aarch64-none-linux-gnu/lib] ==> dir [/home/soniar/gcc-arm-10.2-2020.11-x86_64-aarch64-none-linux-gnu/bin/../lib/gcc/aarch64-none-linux-gnu/10.2.1/../../../../aarch64-none-linux-gnu/lib]
    arg [-L/home/soniar/gcc-arm-10.2-2020.11-x86_64-aarch64-none-linux-gnu/bin/../aarch64-none-linux-gnu/libc/lib] ==> dir [/home/soniar/gcc-arm-10.2-2020.11-x86_64-aarch64-none-linux-gnu/bin/../aarch64-none-linux-gnu/libc/lib]
    arg [-L/home/soniar/gcc-arm-10.2-2020.11-x86_64-aarch64-none-linux-gnu/bin/../aarch64-none-linux-gnu/libc/usr/lib] ==> dir [/home/soniar/gcc-arm-10.2-2020.11-x86_64-aarch64-none-linux-gnu/bin/../aarch64-none-linux-gnu/libc/usr/lib]
    arg [CMakeFiles/cmTC_fb7b0.dir/CMakeCXXCompilerABI.cpp.o] ==> ignore
    arg [-lstdc++] ==> lib [stdc++]
    arg [-lm] ==> lib [m]
    arg [-lgcc_s] ==> lib [gcc_s]
    arg [-lgcc] ==> lib [gcc]
    arg [-lc] ==> lib [c]
    arg [-lgcc_s] ==> lib [gcc_s]
    arg [-lgcc] ==> lib [gcc]
    arg [/home/soniar/gcc-arm-10.2-2020.11-x86_64-aarch64-none-linux-gnu/bin/../lib/gcc/aarch64-none-linux-gnu/10.2.1/crtend.o] ==> obj [/home/soniar/gcc-arm-10.2-2020.11-x86_64-aarch64-none-linux-gnu/bin/../lib/gcc/aarch64-none-linux-gnu/10.2.1/crtend.o]
    arg [/home/soniar/gcc-arm-10.2-2020.11-x86_64-aarch64-none-linux-gnu/bin/../aarch64-none-linux-gnu/libc/usr/lib/../lib64/crtn.o] ==> obj [/home/soniar/gcc-arm-10.2-2020.11-x86_64-aarch64-none-linux-gnu/bin/../aarch64-none-linux-gnu/libc/usr/lib/../lib64/crtn.o]
  collapse obj [/home/soniar/gcc-arm-10.2-2020.11-x86_64-aarch64-none-linux-gnu/bin/../aarch64-none-linux-gnu/libc/usr/lib/../lib64/crt1.o] ==> [/home/soniar/gcc-arm-10.2-2020.11-x86_64-aarch64-none-linux-gnu/aarch64-none-linux-gnu/libc/usr/lib64/crt1.o]
  collapse obj [/home/soniar/gcc-arm-10.2-2020.11-x86_64-aarch64-none-linux-gnu/bin/../aarch64-none-linux-gnu/libc/usr/lib/../lib64/crti.o] ==> [/home/soniar/gcc-arm-10.2-2020.11-x86_64-aarch64-none-linux-gnu/aarch64-none-linux-gnu/libc/usr/lib64/crti.o]
  collapse obj [/home/soniar/gcc-arm-10.2-2020.11-x86_64-aarch64-none-linux-gnu/bin/../lib/gcc/aarch64-none-linux-gnu/10.2.1/crtbegin.o] ==> [/home/soniar/gcc-arm-10.2-2020.11-x86_64-aarch64-none-linux-gnu/lib/gcc/aarch64-none-linux-gnu/10.2.1/crtbegin.o]
  collapse obj [/home/soniar/gcc-arm-10.2-2020.11-x86_64-aarch64-none-linux-gnu/bin/../lib/gcc/aarch64-none-linux-gnu/10.2.1/crtend.o] ==> [/home/soniar/gcc-arm-10.2-2020.11-x86_64-aarch64-none-linux-gnu/lib/gcc/aarch64-none-linux-gnu/10.2.1/crtend.o]
  collapse obj [/home/soniar/gcc-arm-10.2-2020.11-x86_64-aarch64-none-linux-gnu/bin/../aarch64-none-linux-gnu/libc/usr/lib/../lib64/crtn.o] ==> [/home/soniar/gcc-arm-10.2-2020.11-x86_64-aarch64-none-linux-gnu/aarch64-none-linux-gnu/libc/usr/lib64/crtn.o]
  collapse library dir [/home/soniar/gcc-arm-10.2-2020.11-x86_64-aarch64-none-linux-gnu/bin/../lib/gcc/aarch64-none-linux-gnu/10.2.1] ==> [/home/soniar/gcc-arm-10.2-2020.11-x86_64-aarch64-none-linux-gnu/lib/gcc/aarch64-none-linux-gnu/10.2.1]
  collapse library dir [/home/soniar/gcc-arm-10.2-2020.11-x86_64-aarch64-none-linux-gnu/bin/../lib/gcc] ==> [/home/soniar/gcc-arm-10.2-2020.11-x86_64-aarch64-none-linux-gnu/lib/gcc]
  collapse library dir [/home/soniar/gcc-arm-10.2-2020.11-x86_64-aarch64-none-linux-gnu/bin/../lib/gcc/aarch64-none-linux-gnu/10.2.1/../../../../aarch64-none-linux-gnu/lib/../lib64] ==> [/home/soniar/gcc-arm-10.2-2020.11-x86_64-aarch64-none-linux-gnu/aarch64-none-linux-gnu/lib64]
  collapse library dir [/home/soniar/gcc-arm-10.2-2020.11-x86_64-aarch64-none-linux-gnu/bin/../aarch64-none-linux-gnu/libc/lib/../lib64] ==> [/home/soniar/gcc-arm-10.2-2020.11-x86_64-aarch64-none-linux-gnu/aarch64-none-linux-gnu/libc/lib64]
  collapse library dir [/home/soniar/gcc-arm-10.2-2020.11-x86_64-aarch64-none-linux-gnu/bin/../aarch64-none-linux-gnu/libc/usr/lib/../lib64] ==> [/home/soniar/gcc-arm-10.2-2020.11-x86_64-aarch64-none-linux-gnu/aarch64-none-linux-gnu/libc/usr/lib64]
  collapse library dir [/home/soniar/gcc-arm-10.2-2020.11-x86_64-aarch64-none-linux-gnu/bin/../lib/gcc/aarch64-none-linux-gnu/10.2.1/../../../../aarch64-none-linux-gnu/lib] ==> [/home/soniar/gcc-arm-10.2-2020.11-x86_64-aarch64-none-linux-gnu/aarch64-none-linux-gnu/lib]
  collapse library dir [/home/soniar/gcc-arm-10.2-2020.11-x86_64-aarch64-none-linux-gnu/bin/../aarch64-none-linux-gnu/libc/lib] ==> [/home/soniar/gcc-arm-10.2-2020.11-x86_64-aarch64-none-linux-gnu/aarch64-none-linux-gnu/libc/lib]
  collapse library dir [/home/soniar/gcc-arm-10.2-2020.11-x86_64-aarch64-none-linux-gnu/bin/../aarch64-none-linux-gnu/libc/usr/lib] ==> [/home/soniar/gcc-arm-10.2-2020.11-x86_64-aarch64-none-linux-gnu/aarch64-none-linux-gnu/libc/usr/lib]
  implicit libs: [stdc++;m;gcc_s;gcc;c;gcc_s;gcc]
  implicit objs: [/home/soniar/gcc-arm-10.2-2020.11-x86_64-aarch64-none-linux-gnu/aarch64-none-linux-gnu/libc/usr/lib64/crt1.o;/home/soniar/gcc-arm-10.2-2020.11-x86_64-aarch64-none-linux-gnu/aarch64-none-linux-gnu/libc/usr/lib64/crti.o;/home/soniar/gcc-arm-10.2-2020.11-x86_64-aarch64-none-linux-gnu/lib/gcc/aarch64-none-linux-gnu/10.2.1/crtbegin.o;/home/soniar/gcc-arm-10.2-2020.11-x86_64-aarch64-none-linux-gnu/lib/gcc/aarch64-none-linux-gnu/10.2.1/crtend.o;/home/soniar/gcc-arm-10.2-2020.11-x86_64-aarch64-none-linux-gnu/aarch64-none-linux-gnu/libc/usr/lib64/crtn.o]
  implicit dirs: [/home/soniar/gcc-arm-10.2-2020.11-x86_64-aarch64-none-linux-gnu/lib/gcc/aarch64-none-linux-gnu/10.2.1;/home/soniar/gcc-arm-10.2-2020.11-x86_64-aarch64-none-linux-gnu/lib/gcc;/home/soniar/gcc-arm-10.2-2020.11-x86_64-aarch64-none-linux-gnu/aarch64-none-linux-gnu/lib64;/home/soniar/gcc-arm-10.2-2020.11-x86_64-aarch64-none-linux-gnu/aarch64-none-linux-gnu/libc/lib64;/home/soniar/gcc-arm-10.2-2020.11-x86_64-aarch64-none-linux-gnu/aarch64-none-linux-gnu/libc/usr/lib64;/home/soniar/gcc-arm-10.2-2020.11-x86_64-aarch64-none-linux-gnu/aarch64-none-linux-gnu/lib;/home/soniar/gcc-arm-10.2-2020.11-x86_64-aarch64-none-linux-gnu/aarch64-none-linux-gnu/libc/lib;/home/soniar/gcc-arm-10.2-2020.11-x86_64-aarch64-none-linux-gnu/aarch64-none-linux-gnu/libc/usr/lib]
  implicit fwks: []


Determining if the include file pthread.h exists passed with the following output:
Change Dir: /home/soniar/naiveDarknetNNPACKARMSVE/NNPACK/build1/CMakeFiles/CMakeTmp

Run Build Command(s):/usr/bin/gmake -f Makefile cmTC_ebb45/fast && /usr/bin/gmake  -f CMakeFiles/cmTC_ebb45.dir/build.make CMakeFiles/cmTC_ebb45.dir/build
gmake[1]: Entering directory '/home/soniar/naiveDarknetNNPACKARMSVE/NNPACK/build1/CMakeFiles/CMakeTmp'
Building C object CMakeFiles/cmTC_ebb45.dir/CheckIncludeFile.c.o
/home/soniar/gcc-arm-10.2-2020.11-x86_64-aarch64-none-linux-gnu/bin/aarch64-none-linux-gnu-gcc   -march=armv8-a+sve -static  -o CMakeFiles/cmTC_ebb45.dir/CheckIncludeFile.c.o -c /home/soniar/naiveDarknetNNPACKARMSVE/NNPACK/build1/CMakeFiles/CMakeTmp/CheckIncludeFile.c
Linking C executable cmTC_ebb45
/usr/bin/cmake -E cmake_link_script CMakeFiles/cmTC_ebb45.dir/link.txt --verbose=1
/home/soniar/gcc-arm-10.2-2020.11-x86_64-aarch64-none-linux-gnu/bin/aarch64-none-linux-gnu-gcc -march=armv8-a+sve -static  CMakeFiles/cmTC_ebb45.dir/CheckIncludeFile.c.o -o cmTC_ebb45 
gmake[1]: Leaving directory '/home/soniar/naiveDarknetNNPACKARMSVE/NNPACK/build1/CMakeFiles/CMakeTmp'



